This is pdfTeX, Version 3.1415926-2.5-1.40.14 (TeX Live 2013/Debian) (format=pdflatex 2017.11.14)  15 NOV 2017 21:29
entering extended mode
 restricted \write18 enabled.
 %&-line parsing enabled.
**dissertacao.tex
(./dissertacao.tex
LaTeX2e <2011/06/27>
Babel <3.9h> and hyphenation patterns for 78 languages loaded.
(./repUERJ.cls
Document Class: repUERJ 2013/06/01 v7.0
(/usr/share/texlive/texmf-dist/tex/latex/base/ifthen.sty
Package: ifthen 2001/05/26 v1.1c Standard LaTeX ifthen package (DPC)
)
(/usr/share/texlive/texmf-dist/tex/generic/ulem/ulem.sty
\UL@box=\box26
\UL@hyphenbox=\box27
\UL@skip=\skip41
\UL@hook=\toks14
\UL@height=\dimen102
\UL@pe=\count79
\UL@pixel=\dimen103
\ULC@box=\box28
Package: ulem 2012/05/18
\ULdepth=\dimen104
)
(/usr/share/texlive/texmf-dist/tex/latex/caption/caption.sty
Package: caption 2013/05/02 v3.3-89 Customizing captions (AR)

(/usr/share/texlive/texmf-dist/tex/latex/caption/caption3.sty
Package: caption3 2013/05/02 v1.6-88 caption3 kernel (AR)
Package caption3 Info: TeX engine: e-TeX on input line 57.

(/usr/share/texlive/texmf-dist/tex/latex/graphics/keyval.sty
Package: keyval 1999/03/16 v1.13 key=value parser (DPC)
\KV@toks@=\toks15
)
\captionmargin=\dimen105
\captionmargin@=\dimen106
\captionwidth=\dimen107
\caption@tempdima=\dimen108
\caption@indent=\dimen109
\caption@parindent=\dimen110
\caption@hangindent=\dimen111
\abovecaptionskip=\skip42
\belowcaptionskip=\skip43
Package caption Info: Unknown document class (or package),
(caption)             standard defaults will be used.
)

Package caption Warning: Unsupported document class (or package) detected,
(caption)                usage of the caption package is not recommended.
See the caption package documentation for explanation.

Package caption Info: \@makecaption = undefined.
\c@ContinuedFloat=\count80
) (/usr/share/texlive/texmf-dist/tex/latex/pdfpages/pdfpages.sty
Package: pdfpages 2013/08/25 v0.4v Insert pages of external PDF documents (AM)

(/usr/share/texlive/texmf-dist/tex/latex/tools/calc.sty
Package: calc 2007/08/22 v4.3 Infix arithmetic (KKT,FJ)
\calc@Acount=\count81
\calc@Bcount=\count82
\calc@Adimen=\dimen112
\calc@Bdimen=\dimen113
\calc@Askip=\skip44
\calc@Bskip=\skip45
LaTeX Info: Redefining \setlength on input line 76.
LaTeX Info: Redefining \addtolength on input line 77.
\calc@Ccount=\count83
\calc@Cskip=\skip46
)
(/usr/share/texlive/texmf-dist/tex/latex/eso-pic/eso-pic.sty
Package: eso-pic 2013/10/06 v2.0d eso-pic (RN)

(/usr/share/texlive/texmf-dist/tex/generic/oberdiek/atbegshi.sty
Package: atbegshi 2011/10/05 v1.16 At begin shipout hook (HO)

(/usr/share/texlive/texmf-dist/tex/generic/oberdiek/infwarerr.sty
Package: infwarerr 2010/04/08 v1.3 Providing info/warning/error messages (HO)
)
(/usr/share/texlive/texmf-dist/tex/generic/oberdiek/ltxcmds.sty
Package: ltxcmds 2011/11/09 v1.22 LaTeX kernel commands for general use (HO)
)
(/usr/share/texlive/texmf-dist/tex/generic/oberdiek/ifpdf.sty
Package: ifpdf 2011/01/30 v2.3 Provides the ifpdf switch (HO)
Package ifpdf Info: pdfTeX in PDF mode is detected.
))
(/usr/share/texmf/tex/latex/xcolor/xcolor.sty
Package: xcolor 2007/01/21 v2.11 LaTeX color extensions (UK)

(/usr/share/texlive/texmf-dist/tex/latex/latexconfig/color.cfg
File: color.cfg 2007/01/18 v1.5 color configuration of teTeX/TeXLive
)
Package xcolor Info: Driver file: pdftex.def on input line 225.

(/usr/share/texlive/texmf-dist/tex/latex/pdftex-def/pdftex.def
File: pdftex.def 2011/05/27 v0.06d Graphics/color for pdfTeX
\Gread@gobject=\count84
)
Package xcolor Info: Model `cmy' substituted by `cmy0' on input line 1337.
Package xcolor Info: Model `hsb' substituted by `rgb' on input line 1341.
Package xcolor Info: Model `RGB' extended on input line 1353.
Package xcolor Info: Model `HTML' substituted by `rgb' on input line 1355.
Package xcolor Info: Model `Hsb' substituted by `hsb' on input line 1356.
Package xcolor Info: Model `tHsb' substituted by `hsb' on input line 1357.
Package xcolor Info: Model `HSB' substituted by `hsb' on input line 1358.
Package xcolor Info: Model `Gray' substituted by `gray' on input line 1359.
Package xcolor Info: Model `wave' substituted by `hsb' on input line 1360.
))
(/usr/share/texlive/texmf-dist/tex/latex/graphics/graphicx.sty
Package: graphicx 1999/02/16 v1.0f Enhanced LaTeX Graphics (DPC,SPQR)

(/usr/share/texlive/texmf-dist/tex/latex/graphics/graphics.sty
Package: graphics 2009/02/05 v1.0o Standard LaTeX Graphics (DPC,SPQR)

(/usr/share/texlive/texmf-dist/tex/latex/graphics/trig.sty
Package: trig 1999/03/16 v1.09 sin cos tan (DPC)
)
(/usr/share/texlive/texmf-dist/tex/latex/latexconfig/graphics.cfg
File: graphics.cfg 2010/04/23 v1.9 graphics configuration of TeX Live
)
Package graphics Info: Driver file: pdftex.def on input line 91.
)
\Gin@req@height=\dimen114
\Gin@req@width=\dimen115
)
(/usr/share/texlive/texmf-dist/tex/latex/pdfpages/pppdftex.def
File: pppdftex.def 2013/08/25 v0.4v Pdfpages driver for pdfTeX (AM)
)
\AM@pagebox=\box29
\AM@toc@title=\toks16
\c@AM@survey=\count85
\AM@templatesizebox=\box30
)
(/usr/share/texlive/texmf-dist/tex/latex/setspace/setspace.sty
Package: setspace 2011/12/19 v6.7a set line spacing
)
(/usr/share/texlive/texmf-dist/tex/latex/base/fleqn.clo
File: fleqn.clo 1998/08/17 v1.1c Standard LaTeX option (flush left equations)
\mathindent=\dimen116
)
(/usr/share/texlive/texmf-dist/tex/latex/base/size12.clo
File: size12.clo 2007/10/19 v1.4h Standard LaTeX file (size option)
)
\c@part=\count86
\c@chapter=\count87
\c@section=\count88
\c@subsection=\count89
\c@subsubsection=\count90
\c@paragraph=\count91
\c@subparagraph=\count92
\aboveptchapterskip=\skip47
\belowptchapterskip=\skip48
\abovechapterskip=\skip49
\belowchapterskip=\skip50
\seclength=\skip51
\c@figure=\count93
\c@table=\count94
\bibindent=\dimen117
)
(/usr/share/texlive/texmf-dist/tex/generic/babel/babel.sty
Package: babel 2013/12/03 3.9h The Babel package

(/usr/share/texlive/texmf-dist/tex/generic/babel-portuges/portuges.ldf
Language: portuges 2008/03/18 v1.2q Portuguese support from the babel system

(/usr/share/texlive/texmf-dist/tex/generic/babel/babel.def
File: babel.def 2013/12/03 3.9h Babel common definitions
\babel@savecnt=\count95
\U@D=\dimen118
)
\l@brazil = a dialect from \language\l@portuges 
Package babel Info: Making " an active character on input line 145.
))
(/usr/share/texlive/texmf-dist/tex/latex/base/inputenc.sty
Package: inputenc 2008/03/30 v1.1d Input encoding file
\inpenc@prehook=\toks17
\inpenc@posthook=\toks18

(/usr/share/texlive/texmf-dist/tex/latex/base/utf8.def
File: utf8.def 2008/04/05 v1.1m UTF-8 support for inputenc
Now handling font encoding OML ...
... no UTF-8 mapping file for font encoding OML
Now handling font encoding T1 ...
... processing UTF-8 mapping file for font encoding T1

(/usr/share/texlive/texmf-dist/tex/latex/base/t1enc.dfu
File: t1enc.dfu 2008/04/05 v1.1m UTF-8 support for inputenc
   defining Unicode char U+00A1 (decimal 161)
   defining Unicode char U+00A3 (decimal 163)
   defining Unicode char U+00AB (decimal 171)
   defining Unicode char U+00BB (decimal 187)
   defining Unicode char U+00BF (decimal 191)
   defining Unicode char U+00C0 (decimal 192)
   defining Unicode char U+00C1 (decimal 193)
   defining Unicode char U+00C2 (decimal 194)
   defining Unicode char U+00C3 (decimal 195)
   defining Unicode char U+00C4 (decimal 196)
   defining Unicode char U+00C5 (decimal 197)
   defining Unicode char U+00C6 (decimal 198)
   defining Unicode char U+00C7 (decimal 199)
   defining Unicode char U+00C8 (decimal 200)
   defining Unicode char U+00C9 (decimal 201)
   defining Unicode char U+00CA (decimal 202)
   defining Unicode char U+00CB (decimal 203)
   defining Unicode char U+00CC (decimal 204)
   defining Unicode char U+00CD (decimal 205)
   defining Unicode char U+00CE (decimal 206)
   defining Unicode char U+00CF (decimal 207)
   defining Unicode char U+00D0 (decimal 208)
   defining Unicode char U+00D1 (decimal 209)
   defining Unicode char U+00D2 (decimal 210)
   defining Unicode char U+00D3 (decimal 211)
   defining Unicode char U+00D4 (decimal 212)
   defining Unicode char U+00D5 (decimal 213)
   defining Unicode char U+00D6 (decimal 214)
   defining Unicode char U+00D8 (decimal 216)
   defining Unicode char U+00D9 (decimal 217)
   defining Unicode char U+00DA (decimal 218)
   defining Unicode char U+00DB (decimal 219)
   defining Unicode char U+00DC (decimal 220)
   defining Unicode char U+00DD (decimal 221)
   defining Unicode char U+00DE (decimal 222)
   defining Unicode char U+00DF (decimal 223)
   defining Unicode char U+00E0 (decimal 224)
   defining Unicode char U+00E1 (decimal 225)
   defining Unicode char U+00E2 (decimal 226)
   defining Unicode char U+00E3 (decimal 227)
   defining Unicode char U+00E4 (decimal 228)
   defining Unicode char U+00E5 (decimal 229)
   defining Unicode char U+00E6 (decimal 230)
   defining Unicode char U+00E7 (decimal 231)
   defining Unicode char U+00E8 (decimal 232)
   defining Unicode char U+00E9 (decimal 233)
   defining Unicode char U+00EA (decimal 234)
   defining Unicode char U+00EB (decimal 235)
   defining Unicode char U+00EC (decimal 236)
   defining Unicode char U+00ED (decimal 237)
   defining Unicode char U+00EE (decimal 238)
   defining Unicode char U+00EF (decimal 239)
   defining Unicode char U+00F0 (decimal 240)
   defining Unicode char U+00F1 (decimal 241)
   defining Unicode char U+00F2 (decimal 242)
   defining Unicode char U+00F3 (decimal 243)
   defining Unicode char U+00F4 (decimal 244)
   defining Unicode char U+00F5 (decimal 245)
   defining Unicode char U+00F6 (decimal 246)
   defining Unicode char U+00F8 (decimal 248)
   defining Unicode char U+00F9 (decimal 249)
   defining Unicode char U+00FA (decimal 250)
   defining Unicode char U+00FB (decimal 251)
   defining Unicode char U+00FC (decimal 252)
   defining Unicode char U+00FD (decimal 253)
   defining Unicode char U+00FE (decimal 254)
   defining Unicode char U+00FF (decimal 255)
   defining Unicode char U+0102 (decimal 258)
   defining Unicode char U+0103 (decimal 259)
   defining Unicode char U+0104 (decimal 260)
   defining Unicode char U+0105 (decimal 261)
   defining Unicode char U+0106 (decimal 262)
   defining Unicode char U+0107 (decimal 263)
   defining Unicode char U+010C (decimal 268)
   defining Unicode char U+010D (decimal 269)
   defining Unicode char U+010E (decimal 270)
   defining Unicode char U+010F (decimal 271)
   defining Unicode char U+0110 (decimal 272)
   defining Unicode char U+0111 (decimal 273)
   defining Unicode char U+0118 (decimal 280)
   defining Unicode char U+0119 (decimal 281)
   defining Unicode char U+011A (decimal 282)
   defining Unicode char U+011B (decimal 283)
   defining Unicode char U+011E (decimal 286)
   defining Unicode char U+011F (decimal 287)
   defining Unicode char U+0130 (decimal 304)
   defining Unicode char U+0131 (decimal 305)
   defining Unicode char U+0132 (decimal 306)
   defining Unicode char U+0133 (decimal 307)
   defining Unicode char U+0139 (decimal 313)
   defining Unicode char U+013A (decimal 314)
   defining Unicode char U+013D (decimal 317)
   defining Unicode char U+013E (decimal 318)
   defining Unicode char U+0141 (decimal 321)
   defining Unicode char U+0142 (decimal 322)
   defining Unicode char U+0143 (decimal 323)
   defining Unicode char U+0144 (decimal 324)
   defining Unicode char U+0147 (decimal 327)
   defining Unicode char U+0148 (decimal 328)
   defining Unicode char U+014A (decimal 330)
   defining Unicode char U+014B (decimal 331)
   defining Unicode char U+0150 (decimal 336)
   defining Unicode char U+0151 (decimal 337)
   defining Unicode char U+0152 (decimal 338)
   defining Unicode char U+0153 (decimal 339)
   defining Unicode char U+0154 (decimal 340)
   defining Unicode char U+0155 (decimal 341)
   defining Unicode char U+0158 (decimal 344)
   defining Unicode char U+0159 (decimal 345)
   defining Unicode char U+015A (decimal 346)
   defining Unicode char U+015B (decimal 347)
   defining Unicode char U+015E (decimal 350)
   defining Unicode char U+015F (decimal 351)
   defining Unicode char U+0160 (decimal 352)
   defining Unicode char U+0161 (decimal 353)
   defining Unicode char U+0162 (decimal 354)
   defining Unicode char U+0163 (decimal 355)
   defining Unicode char U+0164 (decimal 356)
   defining Unicode char U+0165 (decimal 357)
   defining Unicode char U+016E (decimal 366)
   defining Unicode char U+016F (decimal 367)
   defining Unicode char U+0170 (decimal 368)
   defining Unicode char U+0171 (decimal 369)
   defining Unicode char U+0178 (decimal 376)
   defining Unicode char U+0179 (decimal 377)
   defining Unicode char U+017A (decimal 378)
   defining Unicode char U+017B (decimal 379)
   defining Unicode char U+017C (decimal 380)
   defining Unicode char U+017D (decimal 381)
   defining Unicode char U+017E (decimal 382)
   defining Unicode char U+200C (decimal 8204)
   defining Unicode char U+2013 (decimal 8211)
   defining Unicode char U+2014 (decimal 8212)
   defining Unicode char U+2018 (decimal 8216)
   defining Unicode char U+2019 (decimal 8217)
   defining Unicode char U+201A (decimal 8218)
   defining Unicode char U+201C (decimal 8220)
   defining Unicode char U+201D (decimal 8221)
   defining Unicode char U+201E (decimal 8222)
   defining Unicode char U+2030 (decimal 8240)
   defining Unicode char U+2031 (decimal 8241)
   defining Unicode char U+2039 (decimal 8249)
   defining Unicode char U+203A (decimal 8250)
   defining Unicode char U+2423 (decimal 9251)
)
Now handling font encoding OT1 ...
... processing UTF-8 mapping file for font encoding OT1

(/usr/share/texlive/texmf-dist/tex/latex/base/ot1enc.dfu
File: ot1enc.dfu 2008/04/05 v1.1m UTF-8 support for inputenc
   defining Unicode char U+00A1 (decimal 161)
   defining Unicode char U+00A3 (decimal 163)
   defining Unicode char U+00B8 (decimal 184)
   defining Unicode char U+00BF (decimal 191)
   defining Unicode char U+00C5 (decimal 197)
   defining Unicode char U+00C6 (decimal 198)
   defining Unicode char U+00D8 (decimal 216)
   defining Unicode char U+00DF (decimal 223)
   defining Unicode char U+00E6 (decimal 230)
   defining Unicode char U+00EC (decimal 236)
   defining Unicode char U+00ED (decimal 237)
   defining Unicode char U+00EE (decimal 238)
   defining Unicode char U+00EF (decimal 239)
   defining Unicode char U+00F8 (decimal 248)
   defining Unicode char U+0131 (decimal 305)
   defining Unicode char U+0141 (decimal 321)
   defining Unicode char U+0142 (decimal 322)
   defining Unicode char U+0152 (decimal 338)
   defining Unicode char U+0153 (decimal 339)
   defining Unicode char U+2013 (decimal 8211)
   defining Unicode char U+2014 (decimal 8212)
   defining Unicode char U+2018 (decimal 8216)
   defining Unicode char U+2019 (decimal 8217)
   defining Unicode char U+201C (decimal 8220)
   defining Unicode char U+201D (decimal 8221)
)
Now handling font encoding OMS ...
... processing UTF-8 mapping file for font encoding OMS

(/usr/share/texlive/texmf-dist/tex/latex/base/omsenc.dfu
File: omsenc.dfu 2008/04/05 v1.1m UTF-8 support for inputenc
   defining Unicode char U+00A7 (decimal 167)
   defining Unicode char U+00B6 (decimal 182)
   defining Unicode char U+00B7 (decimal 183)
   defining Unicode char U+2020 (decimal 8224)
   defining Unicode char U+2021 (decimal 8225)
   defining Unicode char U+2022 (decimal 8226)
)
Now handling font encoding OMX ...
... no UTF-8 mapping file for font encoding OMX
Now handling font encoding U ...
... no UTF-8 mapping file for font encoding U
   defining Unicode char U+00A9 (decimal 169)
   defining Unicode char U+00AA (decimal 170)
   defining Unicode char U+00AE (decimal 174)
   defining Unicode char U+00BA (decimal 186)
   defining Unicode char U+02C6 (decimal 710)
   defining Unicode char U+02DC (decimal 732)
   defining Unicode char U+200C (decimal 8204)
   defining Unicode char U+2026 (decimal 8230)
   defining Unicode char U+2122 (decimal 8482)
   defining Unicode char U+2423 (decimal 9251)
))
(/usr/share/texlive/texmf-dist/tex/latex/base/makeidx.sty
Package: makeidx 2000/03/29 v1.0m Standard LaTeX package
)
(/usr/share/texlive/texmf-dist/tex/latex/hyperref/hyperref.sty
Package: hyperref 2012/11/06 v6.83m Hypertext links for LaTeX

(/usr/share/texlive/texmf-dist/tex/generic/oberdiek/hobsub-hyperref.sty
Package: hobsub-hyperref 2012/05/28 v1.13 Bundle oberdiek, subset hyperref (HO)


(/usr/share/texlive/texmf-dist/tex/generic/oberdiek/hobsub-generic.sty
Package: hobsub-generic 2012/05/28 v1.13 Bundle oberdiek, subset generic (HO)
Package: hobsub 2012/05/28 v1.13 Construct package bundles (HO)
Package hobsub Info: Skipping package `infwarerr' (already loaded).
Package hobsub Info: Skipping package `ltxcmds' (already loaded).
Package: ifluatex 2010/03/01 v1.3 Provides the ifluatex switch (HO)
Package ifluatex Info: LuaTeX not detected.
Package: ifvtex 2010/03/01 v1.5 Detect VTeX and its facilities (HO)
Package ifvtex Info: VTeX not detected.
Package: intcalc 2007/09/27 v1.1 Expandable calculations with integers (HO)
Package hobsub Info: Skipping package `ifpdf' (already loaded).
Package: etexcmds 2011/02/16 v1.5 Avoid name clashes with e-TeX commands (HO)
Package etexcmds Info: Could not find \expanded.
(etexcmds)             That can mean that you are not using pdfTeX 1.50 or
(etexcmds)             that some package has redefined \expanded.
(etexcmds)             In the latter case, load this package earlier.
Package: kvsetkeys 2012/04/25 v1.16 Key value parser (HO)
Package: kvdefinekeys 2011/04/07 v1.3 Define keys (HO)
Package: pdftexcmds 2011/11/29 v0.20 Utility functions of pdfTeX for LuaTeX (HO
)
Package pdftexcmds Info: LuaTeX not detected.
Package pdftexcmds Info: \pdf@primitive is available.
Package pdftexcmds Info: \pdf@ifprimitive is available.
Package pdftexcmds Info: \pdfdraftmode found.
Package: pdfescape 2011/11/25 v1.13 Implements pdfTeX's escape features (HO)
Package: bigintcalc 2012/04/08 v1.3 Expandable calculations on big integers (HO
)
Package: bitset 2011/01/30 v1.1 Handle bit-vector datatype (HO)
Package: uniquecounter 2011/01/30 v1.2 Provide unlimited unique counter (HO)
)
Package hobsub Info: Skipping package `hobsub' (already loaded).
Package: letltxmacro 2010/09/02 v1.4 Let assignment for LaTeX macros (HO)
Package: hopatch 2012/05/28 v1.2 Wrapper for package hooks (HO)
Package: xcolor-patch 2011/01/30 xcolor patch
Package: atveryend 2011/06/30 v1.8 Hooks at the very end of document (HO)
Package atveryend Info: \enddocument detected (standard20110627).
Package hobsub Info: Skipping package `atbegshi' (already loaded).
Package: refcount 2011/10/16 v3.4 Data extraction from label references (HO)
Package: hycolor 2011/01/30 v1.7 Color options for hyperref/bookmark (HO)
)
(/usr/share/texlive/texmf-dist/tex/generic/ifxetex/ifxetex.sty
Package: ifxetex 2010/09/12 v0.6 Provides ifxetex conditional
)
(/usr/share/texlive/texmf-dist/tex/latex/oberdiek/auxhook.sty
Package: auxhook 2011/03/04 v1.3 Hooks for auxiliary files (HO)
)
(/usr/share/texlive/texmf-dist/tex/latex/oberdiek/kvoptions.sty
Package: kvoptions 2011/06/30 v3.11 Key value format for package options (HO)
)
\@linkdim=\dimen119
\Hy@linkcounter=\count96
\Hy@pagecounter=\count97

(/usr/share/texlive/texmf-dist/tex/latex/hyperref/pd1enc.def
File: pd1enc.def 2012/11/06 v6.83m Hyperref: PDFDocEncoding definition (HO)
Now handling font encoding PD1 ...
... no UTF-8 mapping file for font encoding PD1
)
\Hy@SavedSpaceFactor=\count98

(/usr/share/texlive/texmf-dist/tex/latex/latexconfig/hyperref.cfg
File: hyperref.cfg 2002/06/06 v1.2 hyperref configuration of TeXLive
)
Package hyperref Info: Option `final' set `true' on input line 4319.
Package hyperref Info: Hyper figures OFF on input line 4443.
Package hyperref Info: Link nesting OFF on input line 4448.
Package hyperref Info: Hyper index ON on input line 4451.
Package hyperref Info: Plain pages OFF on input line 4458.
Package hyperref Info: Backreferencing OFF on input line 4463.
Package hyperref Info: Implicit mode ON; LaTeX internals redefined.
Package hyperref Info: Bookmarks ON on input line 4688.
\c@Hy@tempcnt=\count99

(/usr/share/texlive/texmf-dist/tex/latex/url/url.sty
\Urlmuskip=\muskip10
Package: url 2013/09/16  ver 3.4  Verb mode for urls, etc.
)
LaTeX Info: Redefining \url on input line 5041.
\XeTeXLinkMargin=\dimen120
\Fld@menulength=\count100
\Field@Width=\dimen121
\Fld@charsize=\dimen122
Package hyperref Info: Hyper figures OFF on input line 6295.
Package hyperref Info: Link nesting OFF on input line 6300.
Package hyperref Info: Hyper index ON on input line 6303.
Package hyperref Info: backreferencing OFF on input line 6310.
Package hyperref Info: Link coloring OFF on input line 6315.
Package hyperref Info: Link coloring with OCG OFF on input line 6320.
Package hyperref Info: PDF/A mode OFF on input line 6325.
LaTeX Info: Redefining \ref on input line 6365.
LaTeX Info: Redefining \pageref on input line 6369.
\Hy@abspage=\count101
\c@Item=\count102
\c@Hfootnote=\count103
)

Package hyperref Message: Driver (autodetected): hpdftex.

(/usr/share/texlive/texmf-dist/tex/latex/hyperref/hpdftex.def
File: hpdftex.def 2012/11/06 v6.83m Hyperref driver for pdfTeX
\Fld@listcount=\count104
\c@bookmark@seq@number=\count105

(/usr/share/texlive/texmf-dist/tex/latex/oberdiek/rerunfilecheck.sty
Package: rerunfilecheck 2011/04/15 v1.7 Rerun checks for auxiliary files (HO)
Package uniquecounter Info: New unique counter `rerunfilecheck' on input line 2
82.
)
\Hy@SectionHShift=\skip52
)
(/usr/share/texlive/texmf-dist/tex/latex/lastpage/lastpage.sty
Package: lastpage 2013/01/28 v1.2l Refers to last page's name (HMM; JPG)
)
(/usr/share/texlive/texmf-dist/tex/latex/tools/indentfirst.sty
Package: indentfirst 1995/11/23 v1.03 Indent first paragraph (DPC)
)
(/usr/share/texlive/texmf-dist/tex/latex/subfig/subfig.sty
Package: subfig 2005/06/28 ver: 1.3 subfig package
\c@KVtest=\count106
\sf@farskip=\skip53
\sf@captopadj=\dimen123
\sf@capskip=\skip54
\sf@nearskip=\skip55
\c@subfigure=\count107
\c@subfigure@save=\count108
\c@lofdepth=\count109
\c@subtable=\count110
\c@subtable@save=\count111
\c@lotdepth=\count112
\sf@top=\skip56
\sf@bottom=\skip57
)
(/usr/share/texlive/texmf-dist/tex/latex/amsmath/amsmath.sty
Package: amsmath 2013/01/14 v2.14 AMS math features
\@mathmargin=\skip58

For additional information on amsmath, use the `?' option.
(/usr/share/texlive/texmf-dist/tex/latex/amsmath/amstext.sty
Package: amstext 2000/06/29 v2.01

(/usr/share/texlive/texmf-dist/tex/latex/amsmath/amsgen.sty
File: amsgen.sty 1999/11/30 v2.0
\@emptytoks=\toks19
\ex@=\dimen124
))
(/usr/share/texlive/texmf-dist/tex/latex/amsmath/amsbsy.sty
Package: amsbsy 1999/11/29 v1.2d
\pmbraise@=\dimen125
)
(/usr/share/texlive/texmf-dist/tex/latex/amsmath/amsopn.sty
Package: amsopn 1999/12/14 v2.01 operator names
)
\inf@bad=\count113
LaTeX Info: Redefining \frac on input line 210.
\uproot@=\count114
\leftroot@=\count115
LaTeX Info: Redefining \overline on input line 306.
\classnum@=\count116
\DOTSCASE@=\count117
LaTeX Info: Redefining \ldots on input line 378.
LaTeX Info: Redefining \dots on input line 381.
LaTeX Info: Redefining \cdots on input line 466.
\Mathstrutbox@=\box31
\strutbox@=\box32
\big@size=\dimen126
LaTeX Font Info:    Redeclaring font encoding OML on input line 566.
LaTeX Font Info:    Redeclaring font encoding OMS on input line 567.
\macc@depth=\count118
\c@MaxMatrixCols=\count119
\dotsspace@=\muskip11
\c@parentequation=\count120
\dspbrk@lvl=\count121
\tag@help=\toks20
\row@=\count122
\column@=\count123
\maxfields@=\count124
\andhelp@=\toks21
\eqnshift@=\dimen127
\alignsep@=\dimen128
\tagshift@=\dimen129
\tagwidth@=\dimen130
\totwidth@=\dimen131
\lineht@=\dimen132
\@envbody=\toks22
\multlinegap=\skip59
\multlinetaggap=\skip60
\mathdisplay@stack=\toks23
LaTeX Info: Redefining \[ on input line 2665.
LaTeX Info: Redefining \] on input line 2666.
)
(/usr/share/texlive/texmf-dist/tex/latex/amsfonts/amssymb.sty
Package: amssymb 2013/01/14 v3.01 AMS font symbols

(/usr/share/texlive/texmf-dist/tex/latex/amsfonts/amsfonts.sty
Package: amsfonts 2013/01/14 v3.01 Basic AMSFonts support
\symAMSa=\mathgroup4
\symAMSb=\mathgroup5
LaTeX Font Info:    Overwriting math alphabet `\mathfrak' in version `bold'
(Font)                  U/euf/m/n --> U/euf/b/n on input line 106.
))
(/usr/share/texlive/texmf-dist/tex/latex/amscls/amsthm.sty
Package: amsthm 2004/08/06 v2.20
\thm@style=\toks24
\thm@bodyfont=\toks25
\thm@headfont=\toks26
\thm@notefont=\toks27
\thm@headpunct=\toks28
\thm@preskip=\skip61
\thm@postskip=\skip62
\thm@headsep=\skip63
\dth@everypar=\toks29
)
(/usr/share/texlive/texmf-dist/tex/latex/tools/hhline.sty
Package: hhline 1994/05/23 v2.03 Table rule package (DPC)
)
(/usr/share/texmf/tex/latex/pgf/frontendlayer/tikz.sty
(/usr/share/texmf/tex/latex/pgf/basiclayer/pgf.sty
(/usr/share/texmf/tex/latex/pgf/utilities/pgfrcs.sty
(/usr/share/texmf/tex/generic/pgf/utilities/pgfutil-common.tex
\pgfutil@everybye=\toks30
)
(/usr/share/texmf/tex/generic/pgf/utilities/pgfutil-latex.def
\pgfutil@abb=\box33

(/usr/share/texlive/texmf-dist/tex/latex/ms/everyshi.sty
Package: everyshi 2001/05/15 v3.00 EveryShipout Package (MS)
))
(/usr/share/texmf/tex/generic/pgf/utilities/pgfrcs.code.tex
Package: pgfrcs 2010/10/25 v2.10 (rcs-revision 1.24)
))
Package: pgf 2008/01/15 v2.10 (rcs-revision 1.12)

(/usr/share/texmf/tex/latex/pgf/basiclayer/pgfcore.sty
(/usr/share/texmf/tex/latex/pgf/systemlayer/pgfsys.sty
(/usr/share/texmf/tex/generic/pgf/systemlayer/pgfsys.code.tex
Package: pgfsys 2010/06/30 v2.10 (rcs-revision 1.37)

(/usr/share/texmf/tex/generic/pgf/utilities/pgfkeys.code.tex
\pgfkeys@pathtoks=\toks31
\pgfkeys@temptoks=\toks32

(/usr/share/texmf/tex/generic/pgf/utilities/pgfkeysfiltered.code.tex
\pgfkeys@tmptoks=\toks33
))
\pgf@x=\dimen133
\pgf@y=\dimen134
\pgf@xa=\dimen135
\pgf@ya=\dimen136
\pgf@xb=\dimen137
\pgf@yb=\dimen138
\pgf@xc=\dimen139
\pgf@yc=\dimen140
\w@pgf@writea=\write3
\r@pgf@reada=\read1
\c@pgf@counta=\count125
\c@pgf@countb=\count126
\c@pgf@countc=\count127
\c@pgf@countd=\count128

(/usr/share/texmf/tex/generic/pgf/systemlayer/pgf.cfg
File: pgf.cfg 2008/05/14  (rcs-revision 1.7)
)
Package pgfsys Info: Driver file for pgf: pgfsys-pdftex.def on input line 900.

(/usr/share/texmf/tex/generic/pgf/systemlayer/pgfsys-pdftex.def
File: pgfsys-pdftex.def 2009/05/22  (rcs-revision 1.26)

(/usr/share/texmf/tex/generic/pgf/systemlayer/pgfsys-common-pdf.def
File: pgfsys-common-pdf.def 2008/05/19  (rcs-revision 1.10)
)))
(/usr/share/texmf/tex/generic/pgf/systemlayer/pgfsyssoftpath.code.tex
File: pgfsyssoftpath.code.tex 2008/07/18  (rcs-revision 1.7)
\pgfsyssoftpath@smallbuffer@items=\count129
\pgfsyssoftpath@bigbuffer@items=\count130
)
(/usr/share/texmf/tex/generic/pgf/systemlayer/pgfsysprotocol.code.tex
File: pgfsysprotocol.code.tex 2006/10/16  (rcs-revision 1.4)
))
(/usr/share/texmf/tex/generic/pgf/basiclayer/pgfcore.code.tex
Package: pgfcore 2010/04/11 v2.10 (rcs-revision 1.7)

(/usr/share/texmf/tex/generic/pgf/math/pgfmath.code.tex
(/usr/share/texmf/tex/generic/pgf/math/pgfmathcalc.code.tex
(/usr/share/texmf/tex/generic/pgf/math/pgfmathutil.code.tex)
(/usr/share/texmf/tex/generic/pgf/math/pgfmathparser.code.tex
\pgfmath@dimen=\dimen141
\pgfmath@count=\count131
\pgfmath@box=\box34
\pgfmath@toks=\toks34
\pgfmath@stack@operand=\toks35
\pgfmath@stack@operation=\toks36
)
(/usr/share/texmf/tex/generic/pgf/math/pgfmathfunctions.code.tex
(/usr/share/texmf/tex/generic/pgf/math/pgfmathfunctions.basic.code.tex)
(/usr/share/texmf/tex/generic/pgf/math/pgfmathfunctions.trigonometric.code.tex)
(/usr/share/texmf/tex/generic/pgf/math/pgfmathfunctions.random.code.tex)
(/usr/share/texmf/tex/generic/pgf/math/pgfmathfunctions.comparison.code.tex)
(/usr/share/texmf/tex/generic/pgf/math/pgfmathfunctions.base.code.tex)
(/usr/share/texmf/tex/generic/pgf/math/pgfmathfunctions.round.code.tex)
(/usr/share/texmf/tex/generic/pgf/math/pgfmathfunctions.misc.code.tex)))
(/usr/share/texmf/tex/generic/pgf/math/pgfmathfloat.code.tex
\c@pgfmathroundto@lastzeros=\count132
))
(/usr/share/texmf/tex/generic/pgf/basiclayer/pgfcorepoints.code.tex
File: pgfcorepoints.code.tex 2010/04/09  (rcs-revision 1.20)
\pgf@picminx=\dimen142
\pgf@picmaxx=\dimen143
\pgf@picminy=\dimen144
\pgf@picmaxy=\dimen145
\pgf@pathminx=\dimen146
\pgf@pathmaxx=\dimen147
\pgf@pathminy=\dimen148
\pgf@pathmaxy=\dimen149
\pgf@xx=\dimen150
\pgf@xy=\dimen151
\pgf@yx=\dimen152
\pgf@yy=\dimen153
\pgf@zx=\dimen154
\pgf@zy=\dimen155
)
(/usr/share/texmf/tex/generic/pgf/basiclayer/pgfcorepathconstruct.code.tex
File: pgfcorepathconstruct.code.tex 2010/08/03  (rcs-revision 1.24)
\pgf@path@lastx=\dimen156
\pgf@path@lasty=\dimen157
)
(/usr/share/texmf/tex/generic/pgf/basiclayer/pgfcorepathusage.code.tex
File: pgfcorepathusage.code.tex 2008/04/22  (rcs-revision 1.12)
\pgf@shorten@end@additional=\dimen158
\pgf@shorten@start@additional=\dimen159
)
(/usr/share/texmf/tex/generic/pgf/basiclayer/pgfcorescopes.code.tex
File: pgfcorescopes.code.tex 2010/09/08  (rcs-revision 1.34)
\pgfpic=\box35
\pgf@hbox=\box36
\pgf@layerbox@main=\box37
\pgf@picture@serial@count=\count133
)
(/usr/share/texmf/tex/generic/pgf/basiclayer/pgfcoregraphicstate.code.tex
File: pgfcoregraphicstate.code.tex 2008/04/22  (rcs-revision 1.9)
\pgflinewidth=\dimen160
)
(/usr/share/texmf/tex/generic/pgf/basiclayer/pgfcoretransformations.code.tex
File: pgfcoretransformations.code.tex 2009/06/10  (rcs-revision 1.11)
\pgf@pt@x=\dimen161
\pgf@pt@y=\dimen162
\pgf@pt@temp=\dimen163
)
(/usr/share/texmf/tex/generic/pgf/basiclayer/pgfcorequick.code.tex
File: pgfcorequick.code.tex 2008/10/09  (rcs-revision 1.3)
)
(/usr/share/texmf/tex/generic/pgf/basiclayer/pgfcoreobjects.code.tex
File: pgfcoreobjects.code.tex 2006/10/11  (rcs-revision 1.2)
)
(/usr/share/texmf/tex/generic/pgf/basiclayer/pgfcorepathprocessing.code.tex
File: pgfcorepathprocessing.code.tex 2008/10/09  (rcs-revision 1.8)
)
(/usr/share/texmf/tex/generic/pgf/basiclayer/pgfcorearrows.code.tex
File: pgfcorearrows.code.tex 2008/04/23  (rcs-revision 1.11)
)
(/usr/share/texmf/tex/generic/pgf/basiclayer/pgfcoreshade.code.tex
File: pgfcoreshade.code.tex 2008/11/23  (rcs-revision 1.13)
\pgf@max=\dimen164
\pgf@sys@shading@range@num=\count134
)
(/usr/share/texmf/tex/generic/pgf/basiclayer/pgfcoreimage.code.tex
File: pgfcoreimage.code.tex 2010/03/25  (rcs-revision 1.16)

(/usr/share/texmf/tex/generic/pgf/basiclayer/pgfcoreexternal.code.tex
File: pgfcoreexternal.code.tex 2010/09/01  (rcs-revision 1.17)
\pgfexternal@startupbox=\box38
))
(/usr/share/texmf/tex/generic/pgf/basiclayer/pgfcorelayers.code.tex
File: pgfcorelayers.code.tex 2010/08/27  (rcs-revision 1.2)
)
(/usr/share/texmf/tex/generic/pgf/basiclayer/pgfcoretransparency.code.tex
File: pgfcoretransparency.code.tex 2008/01/17  (rcs-revision 1.2)
)
(/usr/share/texmf/tex/generic/pgf/basiclayer/pgfcorepatterns.code.tex
File: pgfcorepatterns.code.tex 2009/07/02  (rcs-revision 1.3)
)))
(/usr/share/texmf/tex/generic/pgf/modules/pgfmoduleshapes.code.tex
File: pgfmoduleshapes.code.tex 2010/09/09  (rcs-revision 1.13)
\pgfnodeparttextbox=\box39
)
(/usr/share/texmf/tex/generic/pgf/modules/pgfmoduleplot.code.tex
File: pgfmoduleplot.code.tex 2010/10/22  (rcs-revision 1.8)
)
(/usr/share/texmf/tex/latex/pgf/compatibility/pgfcomp-version-0-65.sty
Package: pgfcomp-version-0-65 2007/07/03 v2.10 (rcs-revision 1.7)
\pgf@nodesepstart=\dimen165
\pgf@nodesepend=\dimen166
)
(/usr/share/texmf/tex/latex/pgf/compatibility/pgfcomp-version-1-18.sty
Package: pgfcomp-version-1-18 2007/07/23 v2.10 (rcs-revision 1.1)
))
(/usr/share/texmf/tex/latex/pgf/utilities/pgffor.sty
(/usr/share/texmf/tex/latex/pgf/utilities/pgfkeys.sty
(/usr/share/texmf/tex/generic/pgf/utilities/pgfkeys.code.tex))
(/usr/share/texmf/tex/generic/pgf/utilities/pgffor.code.tex
Package: pgffor 2010/03/23 v2.10 (rcs-revision 1.18)
\pgffor@iter=\dimen167
\pgffor@skip=\dimen168
\pgffor@stack=\toks37
\pgffor@toks=\toks38
))
(/usr/share/texmf/tex/generic/pgf/frontendlayer/tikz/tikz.code.tex
Package: tikz 2010/10/13 v2.10 (rcs-revision 1.76)

(/usr/share/texmf/tex/generic/pgf/libraries/pgflibraryplothandlers.code.tex
File: pgflibraryplothandlers.code.tex 2010/05/31 v2.10 (rcs-revision 1.15)
\pgf@plot@mark@count=\count135
\pgfplotmarksize=\dimen169
)
\tikz@lastx=\dimen170
\tikz@lasty=\dimen171
\tikz@lastxsaved=\dimen172
\tikz@lastysaved=\dimen173
\tikzleveldistance=\dimen174
\tikzsiblingdistance=\dimen175
\tikz@figbox=\box40
\tikz@tempbox=\box41
\tikztreelevel=\count136
\tikznumberofchildren=\count137
\tikznumberofcurrentchild=\count138
\tikz@fig@count=\count139

(/usr/share/texmf/tex/generic/pgf/modules/pgfmodulematrix.code.tex
File: pgfmodulematrix.code.tex 2010/08/24  (rcs-revision 1.4)
\pgfmatrixcurrentrow=\count140
\pgfmatrixcurrentcolumn=\count141
\pgf@matrix@numberofcolumns=\count142
)
\tikz@expandcount=\count143

(/usr/share/texmf/tex/generic/pgf/frontendlayer/tikz/libraries/tikzlibrarytopat
hs.code.tex
File: tikzlibrarytopaths.code.tex 2008/06/17 v2.10 (rcs-revision 1.2)
)))
(/usr/share/texmf/tex/generic/pgf/frontendlayer/tikz/libraries/tikzlibrarycalc.
code.tex
File: tikzlibrarycalc.code.tex 2009/09/04 v2.10 (rcs-revision 1.6)
) (/usr/share/texlive/texmf-dist/tex/latex/multirow/multirow.sty
\bigstrutjot=\dimen176
)
(/usr/share/texlive/texmf-dist/tex/latex/multirow/bigstrut.sty)
(/usr/share/texlive/texmf-dist/tex/latex/algorithmicx/algpseudocode.sty
Package: algpseudocode 

(/usr/share/texlive/texmf-dist/tex/latex/algorithmicx/algorithmicx.sty
Package: algorithmicx 2005/04/27 v1.2 Algorithmicx

Document Style algorithmicx 1.2 - a greatly improved `algorithmic' style
\c@ALG@line=\count144
\c@ALG@rem=\count145
\c@ALG@nested=\count146
\ALG@tlm=\skip64
\ALG@thistlm=\skip65
\c@ALG@Lnr=\count147
\c@ALG@blocknr=\count148
\c@ALG@storecount=\count149
\c@ALG@tmpcounter=\count150
\ALG@tmplength=\skip66
)
Document Style - pseudocode environments for use with the `algorithmicx' style
)
\c@thm=\count151
 (./macrosfabbri-basic.sty
Package: macrosfabbri-basic 2014/11/29 General Macros from the Ricardo Fabbri r
esearch group
) (./macrosfabbri-dg.sty
Package: macrosfabbri-dg 2014/11/29 Differential Geometry Macros from the Ricar
do Fabbri research group
) (./repUERJformat.sty
Package: repUERJformat 2013/06/01 v7.0 repUERJformat.sty

(/usr/share/texlive/texmf-dist/tex/latex/enumitem/enumitem.sty
Package: enumitem 2011/09/28 v3.5.2 Customized lists
\labelindent=\skip67
\enit@outerparindent=\dimen177
\enit@toks=\toks39
\enit@inbox=\box42
\enitdp@description=\count152
)
(/usr/share/texlive/texmf-dist/tex/latex/psnfss/pifont.sty
Package: pifont 2005/04/12 PSNFSS-v9.2a Pi font support (SPQR) 
LaTeX Font Info:    Try loading font information for U+pzd on input line 63.

(/usr/share/texlive/texmf-dist/tex/latex/psnfss/upzd.fd
File: upzd.fd 2001/06/04 font definitions for U/pzd.
)
LaTeX Font Info:    Try loading font information for U+psy on input line 64.

(/usr/share/texlive/texmf-dist/tex/latex/psnfss/upsy.fd
File: upsy.fd 2001/06/04 font definitions for U/psy.
))
(/usr/share/texlive/texmf-dist/tex/latex/geometry/geometry.sty
Package: geometry 2010/09/12 v5.6 Page Geometry
\Gm@cnth=\count153
\Gm@cntv=\count154
\c@Gm@tempcnt=\count155
\Gm@bindingoffset=\dimen178
\Gm@wd@mp=\dimen179
\Gm@odd@mp=\dimen180
\Gm@even@mp=\dimen181
\Gm@layoutwidth=\dimen182
\Gm@layoutheight=\dimen183
\Gm@layouthoffset=\dimen184
\Gm@layoutvoffset=\dimen185
\Gm@dimlist=\toks40
)
\hanglength=\skip68
\UERJsignwidth=\skip69
\UERJsignthickness=\skip70
\UERJsignskip=\skip71
\img=\skip72
\abrevlabel=\skip73
\simblabel=\skip74
\glosslabel=\skip75
\tab=\skip76
\c@contlin=\count156
\c@conttab=\count157
\c@contitab=\count158
\c@algorithm=\count159
\ltab=\skip77
\enitdp@itemizacao=\count160
\c@alineai=\count161
\c@alineaii=\count162
\enitdp@alinea=\count163
\enitdp@exemplo=\count164
\enitdp@lsetap=\count165
\enitdp@lseta=\count166
\enitdp@lquadp=\count167
\enitdp@lquad=\count168
\enitdp@lcircp=\count169
\enitdp@lcirc=\count170
\enitdp@ltravep=\count171
\enitdp@ltrave=\count172
\c@lalfapi=\count173
\enitdp@lalfap=\count174
\c@lalfai=\count175
\enitdp@lalfa=\count176
)
(/usr/share/texlive/texmf-dist/tex/latex/abntex2/abntex2cite.sty
Package: abntex2cite 2014/01/26 v1.9.2 abnTeX2

(/usr/share/texlive/texmf-dist/tex/latex/abntex2/abntex2abrev.sty)
\minimumbiblabelwidth=\skip78
\ABCIauxlen=\skip79
\c@ABCIaux=\count177
\c@ABCImax=\count178

(/usr/share/texlive/texmf-dist/tex/latex/relsize/relsize.sty
Package: relsize 2013/03/29 ver 4.1
)
\biblabelsep=\skip80
LaTeX Info: Redefining \newblock on input line 675.
LaTeX Info: Redefining \cite on input line 702.
\ABCItoken=\toks41
)
Package hyperref Info: Option `unicode' set `false' on input line 161.


Package hyperref Warning: Token not allowed in a PDF string (PDFDocEncoding):
(hyperref)                removing `\<def>-command' on input line 161.


Package hyperref Warning: Token not allowed in a PDF string (PDFDocEncoding):
(hyperref)                removing `\baselinestretch' on input line 161.


Package hyperref Warning: Token not allowed in a PDF string (PDFDocEncoding):
(hyperref)                removing `\<let>-command' on input line 161.


Package hyperref Warning: Token not allowed in a PDF string (PDFDocEncoding):
(hyperref)                removing `\@currsize' on input line 161.


Package hyperref Warning: Token not allowed in a PDF string (PDFDocEncoding):
(hyperref)                removing `\abovedisplayskip' on input line 161.


Package hyperref Warning: Token not allowed in a PDF string (PDFDocEncoding):
(hyperref)                removing `\p@' on input line 161.


Package hyperref Warning: Token not allowed in a PDF string (PDFDocEncoding):
(hyperref)                removing `\p@' on input line 161.


Package hyperref Warning: Token not allowed in a PDF string (PDFDocEncoding):
(hyperref)                removing `\p@' on input line 161.


Package hyperref Warning: Token not allowed in a PDF string (PDFDocEncoding):
(hyperref)                removing `\abovedisplayshortskip' on input line 161.


Package hyperref Warning: Token not allowed in a PDF string (PDFDocEncoding):
(hyperref)                removing `\z@' on input line 161.


Package hyperref Warning: Token not allowed in a PDF string (PDFDocEncoding):
(hyperref)                removing `\p@' on input line 161.


Package hyperref Warning: Token not allowed in a PDF string (PDFDocEncoding):
(hyperref)                removing `\belowdisplayshortskip' on input line 161.


Package hyperref Warning: Token not allowed in a PDF string (PDFDocEncoding):
(hyperref)                removing `\p@' on input line 161.


Package hyperref Warning: Token not allowed in a PDF string (PDFDocEncoding):
(hyperref)                removing `\p@' on input line 161.


Package hyperref Warning: Token not allowed in a PDF string (PDFDocEncoding):
(hyperref)                removing `\p@' on input line 161.


Package hyperref Warning: Token not allowed in a PDF string (PDFDocEncoding):
(hyperref)                removing `\belowdisplayskip' on input line 161.


Package hyperref Warning: Token not allowed in a PDF string (PDFDocEncoding):
(hyperref)                removing `\abovedisplayskip' on input line 161.


Package hyperref Warning: Token not allowed in a PDF string (PDFDocEncoding):
(hyperref)                removing `\<let>-command' on input line 161.


Package hyperref Warning: Token not allowed in a PDF string (PDFDocEncoding):
(hyperref)                removing `\@listi' on input line 161.


Package hyperref Warning: Token not allowed in a PDF string (PDFDocEncoding):
(hyperref)                removing `\leftmargin' on input line 161.


Package hyperref Warning: Token not allowed in a PDF string (PDFDocEncoding):
(hyperref)                removing `\leftmargini' on input line 161.


Package hyperref Warning: Token not allowed in a PDF string (PDFDocEncoding):
(hyperref)                removing `\parsep' on input line 161.


Package hyperref Warning: Token not allowed in a PDF string (PDFDocEncoding):
(hyperref)                removing `\p@' on input line 161.


Package hyperref Warning: Token not allowed in a PDF string (PDFDocEncoding):
(hyperref)                removing `\p@' on input line 161.


Package hyperref Warning: Token not allowed in a PDF string (PDFDocEncoding):
(hyperref)                removing `\p@' on input line 161.


Package hyperref Warning: Token not allowed in a PDF string (PDFDocEncoding):
(hyperref)                removing `\topsep' on input line 161.


Package hyperref Warning: Token not allowed in a PDF string (PDFDocEncoding):
(hyperref)                removing `\p@' on input line 161.


Package hyperref Warning: Token not allowed in a PDF string (PDFDocEncoding):
(hyperref)                removing `\p@' on input line 161.


Package hyperref Warning: Token not allowed in a PDF string (PDFDocEncoding):
(hyperref)                removing `\p@' on input line 161.


Package hyperref Warning: Token not allowed in a PDF string (PDFDocEncoding):
(hyperref)                removing `\itemsep' on input line 161.


Package hyperref Warning: Token not allowed in a PDF string (PDFDocEncoding):
(hyperref)                removing `\p@' on input line 161.


Package hyperref Warning: Token not allowed in a PDF string (PDFDocEncoding):
(hyperref)                removing `\p@' on input line 161.


Package hyperref Warning: Token not allowed in a PDF string (PDFDocEncoding):
(hyperref)                removing `\p@' on input line 161.

Package hyperref Info: Option `colorlinks' set `true' on input line 161.
\@indexfile=\write4
\openout4 = `dissertacao.idx'.

Writing index file dissertacao.idx
(./dissertacao.aux

LaTeX Warning: Label `fig:kinect' multiply defined.


LaTeX Warning: Label `fig:mvesfm' multiply defined.


LaTeX Warning: Label `fig:reconstrucaoEsparsaVisualSFM224' multiply defined.

)
\openout1 = `dissertacao.aux'.

LaTeX Font Info:    Checking defaults for OML/cmm/m/it on input line 178.
LaTeX Font Info:    ... okay on input line 178.
LaTeX Font Info:    Checking defaults for T1/cmr/m/n on input line 178.
LaTeX Font Info:    ... okay on input line 178.
LaTeX Font Info:    Checking defaults for OT1/cmr/m/n on input line 178.
LaTeX Font Info:    ... okay on input line 178.
LaTeX Font Info:    Checking defaults for OMS/cmsy/m/n on input line 178.
LaTeX Font Info:    ... okay on input line 178.
LaTeX Font Info:    Checking defaults for OMX/cmex/m/n on input line 178.
LaTeX Font Info:    ... okay on input line 178.
LaTeX Font Info:    Checking defaults for U/cmr/m/n on input line 178.
LaTeX Font Info:    ... okay on input line 178.
LaTeX Font Info:    Checking defaults for PD1/pdf/m/n on input line 178.
LaTeX Font Info:    ... okay on input line 178.
Package caption Info: Begin \AtBeginDocument code.
Package caption Info: subfig package v1.3 is loaded.
Package caption Info: hyperref package is loaded.
Package caption Info: End \AtBeginDocument code.
\AtBeginShipoutBox=\box43
 (/usr/share/texlive/texmf-dist/tex/context/base/supp-pdf.mkii
[Loading MPS to PDF converter (version 2006.09.02).]
\scratchcounter=\count179
\scratchdimen=\dimen186
\scratchbox=\box44
\nofMPsegments=\count180
\nofMParguments=\count181
\everyMPshowfont=\toks42
\MPscratchCnt=\count182
\MPscratchDim=\dimen187
\MPnumerator=\count183
\makeMPintoPDFobject=\count184
\everyMPtoPDFconversion=\toks43
) (/usr/share/texlive/texmf-dist/tex/latex/oberdiek/epstopdf-base.sty
Package: epstopdf-base 2010/02/09 v2.5 Base part for package epstopdf

(/usr/share/texlive/texmf-dist/tex/latex/oberdiek/grfext.sty
Package: grfext 2010/08/19 v1.1 Manage graphics extensions (HO)
)
Package grfext Info: Graphics extension search list:
(grfext)             [.png,.pdf,.jpg,.mps,.jpeg,.jbig2,.jb2,.PNG,.PDF,.JPG,.JPE
G,.JBIG2,.JB2,.eps]
(grfext)             \AppendGraphicsExtensions on input line 452.

(/usr/share/texlive/texmf-dist/tex/latex/latexconfig/epstopdf-sys.cfg
File: epstopdf-sys.cfg 2010/07/13 v1.3 Configuration of (r)epstopdf for TeX Liv
e
))
Package hyperref Info: Link coloring ON on input line 178.

(/usr/share/texlive/texmf-dist/tex/latex/hyperref/nameref.sty
Package: nameref 2012/10/27 v2.43 Cross-referencing by name of section

(/usr/share/texlive/texmf-dist/tex/generic/oberdiek/gettitlestring.sty
Package: gettitlestring 2010/12/03 v1.4 Cleanup title references (HO)
)
\c@section@level=\count185
)
LaTeX Info: Redefining \ref on input line 178.
LaTeX Info: Redefining \pageref on input line 178.
LaTeX Info: Redefining \nameref on input line 178.

(./dissertacao.out) (./dissertacao.out)
\@outlinefile=\write5
\openout5 = `dissertacao.out'.

Package lastpage Info: Please have a look at the pageslts package at
(lastpage)             http://www.ctan.org/tex-archive/ 
(lastpage)             macros/latex/contrib/pageslts/ 
(lastpage)             or
(lastpage)             http://www.ctan.org/tex-archive/ 
(lastpage)             install/macros/latex/contrib/pageslts.tds.zip
(lastpage)             ! on input line 178.
 ABD: EveryShipout initializing macros
*geometry* driver: auto-detecting
*geometry* detected driver: pdftex
*geometry* verbose mode - [ preamble ] result:
* driver: pdftex
* paper: a4paper
* layout: <same size as paper>
* layoutoffset:(h,v)=(0.0pt,0.0pt)
* modes: 
* h-part:(L,W,R)=(85.35826pt, 455.24411pt, 56.9055pt)
* v-part:(T,H,B)=(85.35826pt, 702.78308pt, 56.9055pt)
* \paperwidth=597.50787pt
* \paperheight=845.04684pt
* \textwidth=455.24411pt
* \textheight=702.78308pt
* \oddsidemargin=13.08827pt
* \evensidemargin=13.08827pt
* \topmargin=-23.91173pt
* \headheight=12.0pt
* \headsep=25.0pt
* \topskip=12.0pt
* \footskip=30.0pt
* \marginparwidth=35.0pt
* \marginparsep=10.0pt
* \columnsep=10.0pt
* \skip\footins=43.5pt
* \hoffset=0.0pt
* \voffset=0.0pt
* \mag=1000
* \@twocolumnfalse
* \@twosidefalse
* \@mparswitchfalse
* \@reversemarginfalse
* (1in=72.27pt=25.4mm, 1cm=28.453pt)

<logo_uerj_cinza.png, id=67, 292.4526pt x 321.8424pt>
File: logo_uerj_cinza.png Graphic file (type png)

<use logo_uerj_cinza.png>
Package pdftex.def Info: logo_uerj_cinza.png used on input line 200.
(pdftex.def)             Requested size: 56.9055pt x 62.62396pt.
LaTeX Font Info:    Try loading font information for U+msa on input line 200.

(/usr/share/texlive/texmf-dist/tex/latex/amsfonts/umsa.fd
File: umsa.fd 2013/01/14 v3.01 AMS symbols A
)
LaTeX Font Info:    Try loading font information for U+msb on input line 200.

(/usr/share/texlive/texmf-dist/tex/latex/amsfonts/umsb.fd
File: umsb.fd 2013/01/14 v3.01 AMS symbols B
)
Overfull \hbox (22.37794pt too wide) in paragraph at lines 200--200
 []| 
 []

<iprj2.png, id=68, 560.0925pt x 300.12125pt>
File: iprj2.png Graphic file (type png)
 <use iprj2.png>
Package pdftex.def Info: iprj2.png used on input line 200.
(pdftex.def)             Requested size: 85.35826pt x 45.73521pt.

Overfull \hbox (28.45276pt too wide) in paragraph at lines 200--200
[][] 
 []

Package babel Info: Redefining portuges shorthand "|
(babel)             in language  on input line 200.
Package babel Info: Redefining portuges shorthand "|
(babel)             in language  on input line 200.
[0

{/var/lib/texmf/fonts/map/pdftex/updmap/pdftex.map} <./logo_uerj_cinza.png> <./
iprj2.png>]
File: logo_uerj_cinza.png Graphic file (type png)
 <use logo_uerj_cinza.png>
Package pdftex.def Info: logo_uerj_cinza.png used on input line 214.
(pdftex.def)             Requested size: 56.9055pt x 62.62396pt.

Overfull \hbox (22.37794pt too wide) in paragraph at lines 214--214
 []| 
 []

File: iprj2.png Graphic file (type png)
<use iprj2.png>
Package pdftex.def Info: iprj2.png used on input line 214.
(pdftex.def)             Requested size: 85.35826pt x 45.73521pt.

Overfull \hbox (28.45276pt too wide) in paragraph at lines 214--214
[][] 
 []

<marcadagua_uerj_cinza.png, id=78, 292.4526pt x 321.8424pt>
File: marcadagua_uerj_cinza.png Graphic file (type png)

<use marcadagua_uerj_cinza.png>
Package pdftex.def Info: marcadagua_uerj_cinza.png used on input line 214.
(pdftex.def)             Requested size: 292.45189pt x 321.84161pt.
Package babel Info: Redefining portuges shorthand "|
(babel)             in language  on input line 214.
Package babel Info: Redefining portuges shorthand "|
(babel)             in language  on input line 214.
 [1

 <./marcadagua_uerj_cinza.png>]
Underfull \hbox (badness 10000) in paragraph at lines 225--225

 []

Package babel Info: Redefining portuges shorthand "|
(babel)             in language  on input line 229.
Package babel Info: Redefining portuges shorthand "|
(babel)             in language  on input line 229.
[2

]
Package babel Info: Redefining portuges shorthand "|
(babel)             in language  on input line 260.
Package babel Info: Redefining portuges shorthand "|
(babel)             in language  on input line 260.
 [3


]
Package babel Info: Redefining portuges shorthand "|
(babel)             in language  on input line 272.
Package babel Info: Redefining portuges shorthand "|
(babel)             in language  on input line 272.
 [4

]
Package babel Info: Redefining portuges shorthand "|
(babel)             in language  on input line 296.
Package babel Info: Redefining portuges shorthand "|
(babel)             in language  on input line 296.
 [5

]
Package babel Info: Redefining portuges shorthand "|
(babel)             in language  on input line 317.
Package babel Info: Redefining portuges shorthand "|
(babel)             in language  on input line 317.
 [6

] (./dissertacao.lof
Package babel Info: Redefining portuges shorthand "|
(babel)             in language  on input line 13.
Package babel Info: Redefining portuges shorthand "|
(babel)             in language  on input line 13.
 [7

]
Overfull \hbox (2.22054pt too wide) in paragraph at lines 22--22
 [][] [][][]\OT1/cmr/m/n/12 Uma tri-an-gula^^Xc~ao uti-li-zando um ponto qual-q
uer, $\OML/cmm/m/it/12 X[]$\OT1/cmr/m/n/12 . Onde cada c^amera 
 []

Package babel Info: Redefining portuges shorthand "|
(babel)             in language  on input line 25.
Package babel Info: Redefining portuges shorthand "|
(babel)             in language  on input line 25.
[8]
Package babel Info: Redefining portuges shorthand "|
(babel)             in language  on input line 39.
Package babel Info: Redefining portuges shorthand "|
(babel)             in language  on input line 39.
 [9]

Package hyperref Warning: Suppressing empty link on input line 40.


Overfull \hbox (16.99974pt too wide) in paragraph at lines 40--40
 \OT1/cmr/m/it/12 mat-ching \OT1/cmr/m/n/12 e em (c) est^^Sa no pro-cesso de \O
T1/cmr/m/it/12 Bun-dle Ad-just-ment \OT1/cmr/m/n/12 ([][]CHOUDHARY[][], 
 []


Overfull \hbox (4.28809pt too wide) in paragraph at lines 42--42
 [][] [][][]\OT1/cmr/m/n/12 T^^Sermino do co-mando \OT1/cmr/m/it/12 dm-re-con\O
T1/cmr/m/n/12 , onde de-mo-rou cerca de 4 ho-ras (14502576 
 []

)
\tf@lof=\write6
\openout6 = `dissertacao.lof'.

Package babel Info: Redefining portuges shorthand "|
(babel)             in language  on input line 346.
Package babel Info: Redefining portuges shorthand "|
(babel)             in language  on input line 346.
 [10] (./dissertacao.toc)
\tf@toc=\write7
\openout7 = `dissertacao.toc'.

Package babel Info: Redefining portuges shorthand "|
(babel)             in language  on input line 346.
Package babel Info: Redefining portuges shorthand "|
(babel)             in language  on input line 346.
 [11

] (./intro.tex
 1.
Package babel Info: Redefining portuges shorthand "|
(babel)             in language  on input line 2.

Package hyperref Warning: Token not allowed in a PDF string (PDFDocEncoding):
(hyperref)                removing `\uppercase' on input line 2.

Package babel Info: Redefining portuges shorthand "|
(babel)             in language  on input line 54.
Package babel Info: Redefining portuges shorthand "|
(babel)             in language  on input line 54.
[12


] <figs/Xbox-360-Kinect-Standalone.png, id=436, 2569.6pt x 888.31876pt>
File: figs/Xbox-360-Kinect-Standalone.png Graphic file (type png)

<use figs/Xbox-360-Kinect-Standalone.png>
Package pdftex.def Info: figs/Xbox-360-Kinect-Standalone.png used on input line
 58.
(pdftex.def)             Requested size: 204.85846pt x 70.8094pt.

<figs/kinect-internals.pdf, id=437, 598.235pt x 284.06125pt>
File: figs/kinect-internals.pdf Graphic file (type pdf)

<use figs/kinect-internals.pdf>
Package pdftex.def Info: figs/kinect-internals.pdf used on input line 59.
(pdftex.def)             Requested size: 204.85846pt x 97.27304pt.

<figs/Xbox-One-Kinect.jpg, id=438, 5119.125pt x 3131.7pt>
File: figs/Xbox-One-Kinect.jpg Graphic file (type jpg)

<use figs/Xbox-One-Kinect.jpg>
Package pdftex.def Info: figs/Xbox-One-Kinect.jpg used on input line 60.
(pdftex.def)             Requested size: 204.85846pt x 125.29445pt.

<figs/kinect-handheld1.png, id=439, 2007.5pt x 1005.7575pt>
File: figs/kinect-handheld1.png Graphic file (type png)

<use figs/kinect-handheld1.png>
Package pdftex.def Info: figs/kinect-handheld1.png used on input line 61.
(pdftex.def)             Requested size: 204.85846pt x 102.62274pt.

<figs/kinect-vs-usual.png, id=441, 1236.62pt x 358.33875pt>
File: figs/kinect-vs-usual.png Graphic file (type png)

<use figs/kinect-vs-usual.png>
Package pdftex.def Info: figs/kinect-vs-usual.png used on input line 93.
(pdftex.def)             Requested size: 455.24411pt x 131.91618pt.
Package babel Info: Redefining portuges shorthand "|
(babel)             in language  on input line 102.
Package babel Info: Redefining portuges shorthand "|
(babel)             in language  on input line 102.
 [13 <./figs/Xbox-360-Kinect-Standalone.png> <./figs/kinect-internals.pdf> <./f
igs/Xbox-One-Kinect.jpg> <./figs/kinect-handheld1.png>] <figs/Proto+Inka+Egypt_
light-s.jpg, id=536, 583.17876pt x 602.25pt>
File: figs/Proto+Inka+Egypt_light-s.jpg Graphic file (type jpg)

<use figs/Proto+Inka+Egypt_light-s.jpg>
Package pdftex.def Info: figs/Proto+Inka+Egypt_light-s.jpg used on input line 1
08.
(pdftex.def)             Requested size: 81.9406pt x 84.61768pt.

<figs/gantry-with-david-s.jpg, id=537, 401.5pt x 602.25pt>
File: figs/gantry-with-david-s.jpg Graphic file (type jpg)

<use figs/gantry-with-david-s.jpg>
Package pdftex.def Info: figs/gantry-with-david-s.jpg used on input line 110.
(pdftex.def)             Requested size: 81.9406pt x 122.91066pt.

<figs/scanner-head-and-david-head-s.jpg, id=538, 185.0112pt x 115.632pt>
File: figs/scanner-head-and-david-head-s.jpg Graphic file (type jpg)

<use figs/scanner-head-and-david-head-s.jpg>
Package pdftex.def Info: figs/scanner-head-and-david-head-s.jpg used on input l
ine 111.
(pdftex.def)             Requested size: 81.9406pt x 51.21347pt.

<figs/david-classic-leftlight-s.jpg, id=539, 38.544pt x 42.1575pt>
File: figs/david-classic-leftlight-s.jpg Graphic file (type jpg)

<use figs/david-classic-leftlight-s.jpg>
Package pdftex.def Info: figs/david-classic-leftlight-s.jpg used on input line 
113.
(pdftex.def)             Requested size: 81.9406pt x 89.63332pt.
Package babel Info: Redefining portuges shorthand "|
(babel)             in language  on input line 134.
Package babel Info: Redefining portuges shorthand "|
(babel)             in language  on input line 134.
 [14 <./figs/kinect-vs-usual.png> <./figs/Proto+Inka+Egypt_light-s.jpg> <./figs
/gantry-with-david-s.jpg> <./figs/scanner-head-and-david-head-s.jpg> <./figs/da
vid-classic-leftlight-s.jpg>]
<figs/jardim-do-nego.jpg, id=554, 552.0625pt x 414.54875pt>
File: figs/jardim-do-nego.jpg Graphic file (type jpg)

<use figs/jardim-do-nego.jpg>
Package pdftex.def Info: figs/jardim-do-nego.jpg used on input line 137.
(pdftex.def)             Requested size: 136.57462pt x 102.55527pt.

<figs/jardim-do-nego22.jpg, id=555, 552.0625pt x 413.545pt>
File: figs/jardim-do-nego22.jpg Graphic file (type jpg)

<use figs/jardim-do-nego22.jpg>
Package pdftex.def Info: figs/jardim-do-nego22.jpg used on input line 138.
(pdftex.def)             Requested size: 136.57462pt x 102.30695pt.

<figs/jardim-do-nego32.jpg, id=556, 552.0625pt x 310.15875pt>
File: figs/jardim-do-nego32.jpg Graphic file (type jpg)

<use figs/jardim-do-nego32.jpg>
Package pdftex.def Info: figs/jardim-do-nego32.jpg used on input line 139.
(pdftex.def)             Requested size: 159.33821pt x 89.51779pt.
Package babel Info: Redefining portuges shorthand "|
(babel)             in language  on input line 180.
Package babel Info: Redefining portuges shorthand "|
(babel)             in language  on input line 180.
 [15 <./figs/jardim-do-nego.jpg> <./figs/jardim-do-nego22.jpg> <./figs/jardim-d
o-nego32.jpg>]
Package babel Info: Redefining portuges shorthand "|
(babel)             in language  on input line 182.
) (./laser.tex
Package babel Info: Redefining portuges shorthand "|
(babel)             in language  on input line 1.
Package babel Info: Redefining portuges shorthand "|
(babel)             in language  on input line 1.
 [16]
 2.
Package babel Info: Redefining portuges shorthand "|
(babel)             in language  on input line 1.

Package hyperref Warning: Token not allowed in a PDF string (PDFDocEncoding):
(hyperref)                removing `\uppercase' on input line 1.

<figs/luzestruturada.jpg, id=577, 1204.5pt x 806.01125pt>
File: figs/luzestruturada.jpg Graphic file (type jpg)

<use figs/luzestruturada.jpg>
Package pdftex.def Info: figs/luzestruturada.jpg used on input line 11.
(pdftex.def)             Requested size: 318.66948pt x 213.24759pt.
Package babel Info: Redefining portuges shorthand "|
(babel)             in language  on input line 18.
Package babel Info: Redefining portuges shorthand "|
(babel)             in language  on input line 23.
Package babel Info: Redefining portuges shorthand "|
(babel)             in language  on input line 23.
 [17

 <./figs/luzestruturada.jpg>]
Package babel Info: Redefining portuges shorthand "|
(babel)             in language  on input line 37.
Package babel Info: Redefining portuges shorthand "|
(babel)             in language  on input line 37.
 [18]
LaTeX Font Info:    Try loading font information for OMS+cmr on input line 94.

(/usr/share/texlive/texmf-dist/tex/latex/base/omscmr.fd
File: omscmr.fd 1999/05/25 v2.5h Standard LaTeX font definitions
)
LaTeX Font Info:    Font shape `OMS/cmr/m/n' in size <12> not available
(Font)              Font shape `OMS/cmsy/m/n' tried instead on input line 94.
Package babel Info: Redefining portuges shorthand "|
(babel)             in language  on input line 102.
Package babel Info: Redefining portuges shorthand "|
(babel)             in language  on input line 102.
 [19]
Underfull \hbox (badness 2932) in paragraph at lines 157--157
\OT1/cmr/m/n/12 + 1.163 frag-men-tos de
 []


Underfull \hbox (badness 1231) in paragraph at lines 159--159
[]\OT1/cmr/m/n/12 0,29mm para ge-o-me-tria,
 []


Underfull \hbox (badness 1057) in paragraph at lines 168--168
[]\OT1/cmr/m/n/12 4.000 ho-ras de tra-ba-lho
 []

) (./kinect.tex
Package babel Info: Redefining portuges shorthand "|
(babel)             in language  on input line 1.
Package babel Info: Redefining portuges shorthand "|
(babel)             in language  on input line 1.
 [20]
Package babel Info: Redefining portuges shorthand "|
(babel)             in language  on input line 1.
Package babel Info: Redefining portuges shorthand "|
(babel)             in language  on input line 1.
 [21]
 3.
Package babel Info: Redefining portuges shorthand "|
(babel)             in language  on input line 1.

Package hyperref Warning: Token not allowed in a PDF string (PDFDocEncoding):
(hyperref)                removing `\uppercase' on input line 1.

Package babel Info: Redefining portuges shorthand "|
(babel)             in language  on input line 8.
Package babel Info: Redefining portuges shorthand "|
(babel)             in language  on input line 17.
Package babel Info: Redefining portuges shorthand "|
(babel)             in language  on input line 17.
[22

] <figs/kinect.png, id=638, 817.55438pt x 368.87813pt>
File: figs/kinect.png Graphic file (type png)

<use figs/kinect.png>
Package pdftex.def Info: figs/kinect.png used on input line 23.
(pdftex.def)             Requested size: 227.62206pt x 102.69978pt.

<figs/profundidadekinect.png, id=641, 400.49625pt x 149.8097pt>
File: figs/profundidadekinect.png Graphic file (type png)

<use figs/profundidadekinect.png>
Package pdftex.def Info: figs/profundidadekinect.png used on input line 38.
(pdftex.def)             Requested size: 455.24411pt x 170.2979pt.
Package babel Info: Redefining portuges shorthand "|
(babel)             in language  on input line 50.
Package babel Info: Redefining portuges shorthand "|
(babel)             in language  on input line 50.
 [23 <./figs/kinect.png> <./figs/profundidadekinect.png>]
Package babel Info: Redefining portuges shorthand "|
(babel)             in language  on input line 133.
Package babel Info: Redefining portuges shorthand "|
(babel)             in language  on input line 133.
 [24]
<figs/deslocamentokinectA.png, id=668, 392.21532pt x 341.77687pt>
File: figs/deslocamentokinectA.png Graphic file (type png)

<use figs/deslocamentokinectA.png>
Package pdftex.def Info: figs/deslocamentokinectA.png used on input line 153.
(pdftex.def)             Requested size: 136.57462pt x 119.01352pt.

<figs/deslocamentokinectB.png, id=669, 386.19281pt x 341.77687pt>
File: figs/deslocamentokinectB.png Graphic file (type png)

<use figs/deslocamentokinectB.png>
Package pdftex.def Info: figs/deslocamentokinectB.png used on input line 154.
(pdftex.def)             Requested size: 136.57462pt x 120.86488pt.

<figs/ambientekinect.png, id=673, 572.1375pt x 453.19313pt>
File: figs/ambientekinect.png Graphic file (type png)

<use figs/ambientekinect.png>
Package pdftex.def Info: figs/ambientekinect.png used on input line 168.
(pdftex.def)             Requested size: 227.62206pt x 180.299pt.


LaTeX Warning: `!h' float specifier changed to `!ht'.

Package babel Info: Redefining portuges shorthand "|
(babel)             in language  on input line 195.
Package babel Info: Redefining portuges shorthand "|
(babel)             in language  on input line 195.
[25 <./figs/deslocamentokinectA.png> <./figs/deslocamentokinectB.png>]
Package babel Info: Redefining portuges shorthand "|
(babel)             in language  on input line 213.
Package babel Info: Redefining portuges shorthand "|
(babel)             in language  on input line 213.
 [26 <./figs/ambientekinect.png>]) (./pontosdeinteresse.tex
Package babel Info: Redefining portuges shorthand "|
(babel)             in language  on input line 1.
Package babel Info: Redefining portuges shorthand "|
(babel)             in language  on input line 1.
 [27]
 4.
Package babel Info: Redefining portuges shorthand "|
(babel)             in language  on input line 1.

Package hyperref Warning: Token not allowed in a PDF string (PDFDocEncoding):
(hyperref)                removing `\uppercase' on input line 1.

<figs/pipelinesfm.png, id=696, 1405.25pt x 602.25pt>
File: figs/pipelinesfm.png Graphic file (type png)

<use figs/pipelinesfm.png>
Package pdftex.def Info: figs/pipelinesfm.png used on input line 19.
(pdftex.def)             Requested size: 364.19667pt x 156.08507pt.

Overfull \hbox (22.17976pt too wide) in paragraph at lines 26--27
[]\OT1/cmr/m/n/12 Neste tra-ba-lho, abor-da-re-mos o uso de dois softwa-res ba-
se-a-dos em MVS: o MVE ([][]FUHR-
 []

Package babel Info: Redefining portuges shorthand "|
(babel)             in language  on input line 34.
Package babel Info: Redefining portuges shorthand "|
(babel)             in language  on input line 34.
[28

 <./figs/pipelinesfm.png (PNG copy)>]
<figs/lena.jpg, id=710, 260.47313pt x 260.47313pt>
File: figs/lena.jpg Graphic file (type jpg)
 <use figs/lena.jpg>
Package pdftex.def Info: figs/lena.jpg used on input line 62.
(pdftex.def)             Requested size: 91.04742pt x 91.04771pt.

<figs/lenaSigma1.png, id=711, 174.6525pt x 174.6525pt>
File: figs/lenaSigma1.png Graphic file (type png)

<use figs/lenaSigma1.png>
Package pdftex.def Info: figs/lenaSigma1.png used on input line 63.
(pdftex.def)             Requested size: 91.04742pt x 91.049pt.

<figs/lenaSigma2.png, id=712, 174.6525pt x 174.6525pt>
File: figs/lenaSigma2.png Graphic file (type png)

<use figs/lenaSigma2.png>
Package pdftex.def Info: figs/lenaSigma2.png used on input line 64.
(pdftex.def)             Requested size: 91.04742pt x 91.049pt.
 <figs/lenaDoG.png, id=713, 174.6525pt x 174.6525pt>
File: figs/lenaDoG.png Graphic file (type png)

<use figs/lenaDoG.png>
Package pdftex.def Info: figs/lenaDoG.png used on input line 65.
(pdftex.def)             Requested size: 91.04742pt x 91.049pt.


LaTeX Warning: `!h' float specifier changed to `!ht'.

<figs/sift_local_extrema.jpg, id=715, 290.08376pt x 234.8775pt>
File: figs/sift_local_extrema.jpg Graphic file (type jpg)

<use figs/sift_local_extrema.jpg>
Package pdftex.def Info: figs/sift_local_extrema.jpg used on input line 77.
(pdftex.def)             Requested size: 159.33821pt x 129.01457pt.
Package babel Info: Redefining portuges shorthand "|
(babel)             in language  on input line 88.
Package babel Info: Redefining portuges shorthand "|
(babel)             in language  on input line 88.
 [29]
Package babel Info: Redefining portuges shorthand "|
(babel)             in language  on input line 114.
Package babel Info: Redefining portuges shorthand "|
(babel)             in language  on input line 114.
 [30 <./figs/lena.jpg> <./figs/lenaSigma1.png> <./figs/lenaSigma2.png> <./figs/
lenaDoG.png> <./figs/sift_local_extrema.jpg>]
Package babel Info: Redefining portuges shorthand "|
(babel)             in language  on input line 141.
Package babel Info: Redefining portuges shorthand "|
(babel)             in language  on input line 141.
 [31] <figs/histogramaOrientado.png, id=751, 526.96875pt x 198.7425pt>
File: figs/histogramaOrientado.png Graphic file (type png)

<use figs/histogramaOrientado.png>
Package pdftex.def Info: figs/histogramaOrientado.png used on input line 156.
(pdftex.def)             Requested size: 204.85846pt x 77.26059pt.

Overfull \hbox (8.07849pt too wide) in paragraph at lines 171--172
[]\OT1/cmr/m/n/12 Al^^Sem disso, s~ao to-ma-das al-gu-mas me-di-das para dei-xa
r o des-cri-tor mais ro-busto,como,
 []

<figs/descritorKeypoint.png, id=753, 611.28375pt x 266.49562pt>
File: figs/descritorKeypoint.png Graphic file (type png)

<use figs/descritorKeypoint.png>
Package pdftex.def Info: figs/descritorKeypoint.png used on input line 175.
(pdftex.def)             Requested size: 204.85846pt x 89.31012pt.


LaTeX Warning: `!h' float specifier changed to `!ht'.

Package babel Info: Redefining portuges shorthand "|
(babel)             in language  on input line 184.
Package babel Info: Redefining portuges shorthand "|
(babel)             in language  on input line 184.
[32 <./figs/histogramaOrientado.png>]
<figs/triangulacao.png, id=762, 392.96812pt x 316.93407pt>
File: figs/triangulacao.png Graphic file (type png)

<use figs/triangulacao.png>
Package pdftex.def Info: figs/triangulacao.png used on input line 196.
(pdftex.def)             Requested size: 204.85846pt x 165.22255pt.


LaTeX Warning: `!h' float specifier changed to `!ht'.

(./mve.tex
Package babel Info: Redefining portuges shorthand "|
(babel)             in language  on input line 1.
Package babel Info: Redefining portuges shorthand "|
(babel)             in language  on input line 6.
Package babel Info: Redefining portuges shorthand "|
(babel)             in language  on input line 6.
 [33 <./figs/descritorKeypoint.png>]
Package babel Info: Redefining portuges shorthand "|
(babel)             in language  on input line 28.
Package babel Info: Redefining portuges shorthand "|
(babel)             in language  on input line 28.
 [34 <./figs/triangulacao.png>]
<figs/mvepipe.png, id=781, 794.97pt x 210.7875pt>
File: figs/mvepipe.png Graphic file (type png)
 <use figs/mvepipe.png>
Package pdftex.def Info: figs/mvepipe.png used on input line 37.
(pdftex.def)             Requested size: 364.19667pt x 96.56781pt.


Package hyperref Warning: Suppressing empty link on input line 53.


Overfull \hbox (2.97441pt too wide) in paragraph at lines 53--55
[]\OT1/cmr/m/n/12 Existem al-gu-mas re-co-menda^^Xc~oes para se ter uma boa re-
cons-tru^^Xc~ao com o MVE ([][]RE-
 []

Package babel Info: Redefining portuges shorthand "|
(babel)             in language  on input line 55.
Package babel Info: Redefining portuges shorthand "|
(babel)             in language  on input line 55.
[35 <./figs/mvepipe.png>] <figs/parallaxA.png, id=798, 101.178pt x 110.814pt>
File: figs/parallaxA.png Graphic file (type png)

<use figs/parallaxA.png>
Package pdftex.def Info: figs/parallaxA.png used on input line 71.
(pdftex.def)             Requested size: 91.04742pt x 99.72319pt.
 <figs/parallaxB.png, id=799, 101.178pt x 110.814pt>
File: figs/parallaxB.png Graphic file (type png)

<use figs/parallaxB.png>
Package pdftex.def Info: figs/parallaxB.png used on input line 72.
(pdftex.def)             Requested size: 91.04742pt x 99.72319pt.
 <figs/parallaxC.png, id=800, 101.178pt x 110.814pt>
File: figs/parallaxC.png Graphic file (type png)

<use figs/parallaxC.png>
Package pdftex.def Info: figs/parallaxC.png used on input line 73.
(pdftex.def)             Requested size: 91.04742pt x 99.72319pt.
Package babel Info: Redefining portuges shorthand "|
(babel)             in language  on input line 99.
Package babel Info: Redefining portuges shorthand "|
(babel)             in language  on input line 99.
 [36 <./figs/parallaxA.png (PNG copy)> <./figs/parallaxB.png (PNG copy)> <./fig
s/parallaxC.png (PNG copy)>]
<figs/umve1.png, id=812, 1084.05pt x 645.16031pt>
File: figs/umve1.png Graphic file (type png)
 <use figs/umve1.png>
Package pdftex.def Info: figs/umve1.png used on input line 105.
(pdftex.def)             Requested size: 318.66948pt x 189.65121pt.

<figs/umve5sfm.png, id=814, 1084.05pt x 647.41875pt>
File: figs/umve5sfm.png Graphic file (type png)
 <use figs/umve5sfm.png>
Package pdftex.def Info: figs/umve5sfm.png used on input line 128.
(pdftex.def)             Requested size: 318.66948pt x 190.31511pt.


LaTeX Warning: `!h' float specifier changed to `!ht'.

Package babel Info: Redefining portuges shorthand "|
(babel)             in language  on input line 154.
Package babel Info: Redefining portuges shorthand "|
(babel)             in language  on input line 154.
[37 <./figs/umve1.png>] <figs/mvedepth.png, id=823, 417.05812pt x 277.78781pt>
File: figs/mvedepth.png Graphic file (type png)

<use figs/mvedepth.png>
Package pdftex.def Info: figs/mvedepth.png used on input line 161.
(pdftex.def)             Requested size: 182.09486pt x 121.28601pt.
Package babel Info: Redefining portuges shorthand "|
(babel)             in language  on input line 171.
Package babel Info: Redefining portuges shorthand "|
(babel)             in language  on input line 171.
 [38 <./figs/umve5sfm.png> <./figs/mvedepth.png>])
(./visualsfm.tex
Package babel Info: Redefining portuges shorthand "|
(babel)             in language  on input line 1.

<figs/pipelinevisualsfm.png, id=836, 548.80031pt x 123.46124pt>
File: figs/pipelinevisualsfm.png Graphic file (type png)

<use figs/pipelinevisualsfm.png>
Package pdftex.def Info: figs/pipelinevisualsfm.png used on input line 16.
(pdftex.def)             Requested size: 455.24411pt x 102.41628pt.


LaTeX Warning: `!h' float specifier changed to `!ht'.

Package babel Info: Redefining portuges shorthand "|
(babel)             in language  on input line 27.
Package babel Info: Redefining portuges shorthand "|
(babel)             in language  on input line 27.
[39]

Package hyperref Warning: Suppressing empty link on input line 37.

Package babel Info: Redefining portuges shorthand "|
(babel)             in language  on input line 38.
Package babel Info: Redefining portuges shorthand "|
(babel)             in language  on input line 38.
[40 <./figs/pipelinevisualsfm.png>]
<figs/bundleAdjustment.png, id=862, 1027.84pt x 770.88pt>
File: figs/bundleAdjustment.png Graphic file (type png)

<use figs/bundleAdjustment.png>
Package pdftex.def Info: figs/bundleAdjustment.png used on input line 41.
(pdftex.def)             Requested size: 227.62206pt x 170.71158pt.
Package babel Info: Redefining portuges shorthand "|
(babel)             in language  on input line 51.
Package babel Info: Redefining portuges shorthand "|
(babel)             in language  on input line 51.
 [41 <./figs/bundleAdjustment.png>]
Package babel Info: Redefining portuges shorthand "|
(babel)             in language  on input line 103.
Package babel Info: Redefining portuges shorthand "|
(babel)             in language  on input line 103.
 [42]
Overfull \hbox (12.55669pt too wide) in paragraph at lines 124--125
\OT1/cmr/m/n/12 al-go-rit-mos ine-xa-tos LM para re-solu^^Xc~ao des-sas equa^^X
c~oes com al-guns pr^^Se-condicionadores
 []


Package hyperref Warning: Suppressing empty link on input line 211.

Package babel Info: Redefining portuges shorthand "|
(babel)             in language  on input line 221.
Package babel Info: Redefining portuges shorthand "|
(babel)             in language  on input line 221.
[43]
Package babel Info: Redefining portuges shorthand "|
(babel)             in language  on input line 250.
Package babel Info: Redefining portuges shorthand "|
(babel)             in language  on input line 250.
 [44]
Package babel Info: Redefining portuges shorthand "|
(babel)             in language  on input line 263.
Package babel Info: Redefining portuges shorthand "|
(babel)             in language  on input line 263.
 [45]
Overfull \hbox (20.49492pt too wide) in paragraph at lines 269--270
\OT1/cmr/m/n/12 uma a^^Xc~ao, remove-se quais-quer con-flito da lista, onde dua
s a^^Xc~oes $[]\OML/cmm/m/it/12 ; []$
 []

Package babel Info: Redefining portuges shorthand "|
(babel)             in language  on input line 278.
Package babel Info: Redefining portuges shorthand "|
(babel)             in language  on input line 278.
[46]
Package babel Info: Redefining portuges shorthand "|
(babel)             in language  on input line 303.
Package babel Info: Redefining portuges shorthand "|
(babel)             in language  on input line 303.
 [47]

LaTeX Warning: Reference `filtropmvs' on page 48 undefined on input line 309.

<figs/filtropmvs.png, id=937, 1706.375pt x 451.6875pt>
File: figs/filtropmvs.png Graphic file (type png)

<use figs/filtropmvs.png>
Package pdftex.def Info: figs/filtropmvs.png used on input line 313.
(pdftex.def)             Requested size: 455.24411pt x 120.50299pt.
Package babel Info: Redefining portuges shorthand "|
(babel)             in language  on input line 323.
Package babel Info: Redefining portuges shorthand "|
(babel)             in language  on input line 323.
 [48 <./figs/filtropmvs.png>])) (./experiments.tex
Package babel Info: Redefining portuges shorthand "|
(babel)             in language  on input line 1.
Package babel Info: Redefining portuges shorthand "|
(babel)             in language  on input line 1.

[49]
 5.
Package babel Info: Redefining portuges shorthand "|
(babel)             in language  on input line 1.

Package hyperref Warning: Token not allowed in a PDF string (PDFDocEncoding):
(hyperref)                removing `\uppercase' on input line 1.

Package babel Info: Redefining portuges shorthand "|
(babel)             in language  on input line 5.

Overfull \hbox (2.21722pt too wide) in paragraph at lines 6--8
[]\OT1/cmr/m/n/12 Primeiramente, fil-ma-mos al-gu-mas es-cul-tu-ras uti-li-zand
o a c^amera de um \OT1/cmr/m/it/12 smartphone
 []

<figs/procedimentoscan.png, id=961, 451.6875pt x 383.93437pt>
File: figs/procedimentoscan.png Graphic file (type png)

<use figs/procedimentoscan.png>
Package pdftex.def Info: figs/procedimentoscan.png used on input line 12.
(pdftex.def)             Requested size: 182.09486pt x 154.7837pt.
Package babel Info: Redefining portuges shorthand "|
(babel)             in language  on input line 27.
Package babel Info: Redefining portuges shorthand "|
(babel)             in language  on input line 27.
 [50

 <./figs/procedimentoscan.png>]
Package babel Info: Redefining portuges shorthand "|
(babel)             in language  on input line 28.


Package hyperref Warning: Token not allowed in a PDF string (PDFDocEncoding):
(hyperref)                removing `\uline' on input line 28.

<figs/galinhasparsa.jpg, id=973, 648.4225pt x 432.61626pt>
File: figs/galinhasparsa.jpg Graphic file (type jpg)

<use figs/galinhasparsa.jpg>
Package pdftex.def Info: figs/galinhasparsa.jpg used on input line 50.
(pdftex.def)             Requested size: 136.57462pt x 91.11613pt.

<figs/galinhadense.jpg, id=974, 648.4225pt x 432.61626pt>
File: figs/galinhadense.jpg Graphic file (type jpg)

<use figs/galinhadense.jpg>
Package pdftex.def Info: figs/galinhadense.jpg used on input line 60.
(pdftex.def)             Requested size: 136.57462pt x 91.11613pt.
Package babel Info: Redefining portuges shorthand "|
(babel)             in language  on input line 68.
Package babel Info: Redefining portuges shorthand "|
(babel)             in language  on input line 68.
 [51 <./figs/galinhasparsa.jpg> <./figs/galinhadense.jpg>] <figs/perto_longe_es
parsa.jpg, id=984, 1443.3925pt x 765.86125pt>
File: figs/perto_longe_esparsa.jpg Graphic file (type jpg)

<use figs/perto_longe_esparsa.jpg>
Package pdftex.def Info: figs/perto_longe_esparsa.jpg used on input line 87.
(pdftex.def)             Requested size: 227.62206pt x 120.7757pt.

<figs/perto_longe_esparsa_2.jpg, id=985, 733.74126pt x 470.75874pt>
File: figs/perto_longe_esparsa_2.jpg Graphic file (type jpg)

<use figs/perto_longe_esparsa_2.jpg>
Package pdftex.def Info: figs/perto_longe_esparsa_2.jpg used on input line 97.
(pdftex.def)             Requested size: 227.62206pt x 146.03426pt.

<figs/galinhadense224.jpg, id=986, 1293.83376pt x 721.69624pt>
File: figs/galinhadense224.jpg Graphic file (type jpg)

<use figs/galinhadense224.jpg>
Package pdftex.def Info: figs/galinhadense224.jpg used on input line 107.
(pdftex.def)             Requested size: 227.62206pt x 126.95946pt.


LaTeX Warning: `!h' float specifier changed to `!ht'.

<figs/galinhavisualsfm224.jpg, id=987, 358.33875pt x 144.54pt>
File: figs/galinhavisualsfm224.jpg Graphic file (type jpg)

<use figs/galinhavisualsfm224.jpg>
Package pdftex.def Info: figs/galinhavisualsfm224.jpg used on input line 117.
(pdftex.def)             Requested size: 227.62206pt x 91.81494pt.


LaTeX Warning: `!h' float specifier changed to `!ht'.

Package babel Info: Redefining portuges shorthand "|
(babel)             in language  on input line 124.

Package hyperref Warning: Token not allowed in a PDF string (PDFDocEncoding):
(hyperref)                removing `\uline' on input line 124.

Package babel Info: Redefining portuges shorthand "|
(babel)             in language  on input line 127.
Package babel Info: Redefining portuges shorthand "|
(babel)             in language  on input line 127.
[52 <./figs/perto_longe_esparsa.jpg> <./figs/perto_longe_esparsa_2.jpg>]
<figs/exifumve.png, id=994, 1084.05pt x 647.41875pt>
File: figs/exifumve.png Graphic file (type png)
 <use figs/exifumve.png>
Package pdftex.def Info: figs/exifumve.png used on input line 132.
(pdftex.def)             Requested size: 227.62206pt x 135.93231pt.

<figs/exifsemumve.png, id=995, 1084.05pt x 646.66594pt>
File: figs/exifsemumve.png Graphic file (type png)

<use figs/exifsemumve.png>
Package pdftex.def Info: figs/exifsemumve.png used on input line 133.
(pdftex.def)             Requested size: 227.62206pt x 135.77425pt.


LaTeX Warning: `!h' float specifier changed to `!ht'.

Package babel Info: Redefining portuges shorthand "|
(babel)             in language  on input line 147.
Package babel Info: Redefining portuges shorthand "|
(babel)             in language  on input line 147.
[53 <./figs/galinhadense224.jpg> <./figs/galinhavisualsfm224.jpg>]
<figs/umvedense.png, id=1002, 753.5653pt x 522.45187pt>
File: figs/umvedense.png Graphic file (type png)

<use figs/umvedense.png>
Package pdftex.def Info: figs/umvedense.png used on input line 150.
(pdftex.def)             Requested size: 227.62206pt x 157.80501pt.
 <figs/umve2sfm.png, id=1005, 1084.05pt x 647.41875pt>
File: figs/umve2sfm.png Graphic file (type png)

<use figs/umve2sfm.png>
Package pdftex.def Info: figs/umve2sfm.png used on input line 161.
(pdftex.def)             Requested size: 204.85846pt x 122.33908pt.

<figs/umve3sfmfeature.png, id=1006, 1084.05pt x 647.41875pt>
File: figs/umve3sfmfeature.png Graphic file (type png)

<use figs/umve3sfmfeature.png>
Package pdftex.def Info: figs/umve3sfmfeature.png used on input line 162.
(pdftex.def)             Requested size: 204.85846pt x 122.33908pt.

<figs/umve4ba.png, id=1007, 1084.05pt x 647.41875pt>
File: figs/umve4ba.png Graphic file (type png)
 <use figs/umve4ba.png>
Package pdftex.def Info: figs/umve4ba.png used on input line 163.
(pdftex.def)             Requested size: 204.85846pt x 122.33908pt.


Package hyperref Warning: Suppressing empty link on input line 167.

Package babel Info: Redefining portuges shorthand "|
(babel)             in language  on input line 168.
Package babel Info: Redefining portuges shorthand "|
(babel)             in language  on input line 168.
[54 <./figs/exifumve.png> <./figs/exifsemumve.png> <./figs/umvedense.png (PNG c
opy)>] <figs/sfmmve.png, id=1014, 737.75626pt x 386.19281pt>
File: figs/sfmmve.png Graphic file (type png)

<use figs/sfmmve.png>
Package pdftex.def Info: figs/sfmmve.png used on input line 172.
(pdftex.def)             Requested size: 295.90588pt x 154.89276pt.
Package babel Info: Redefining portuges shorthand "|
(babel)             in language  on input line 180.
Package babel Info: Redefining portuges shorthand "|
(babel)             in language  on input line 180.
 [55 <./figs/umve2sfm.png> <./figs/umve3sfmfeature.png> <./figs/umve4ba.png> <.
/figs/sfmmve.png>]
<figs/umvetempo.png, id=1020, 740.0147pt x 386.19281pt>
File: figs/umvetempo.png Graphic file (type png)

<use figs/umvetempo.png>
Package pdftex.def Info: figs/umvetempo.png used on input line 183.
(pdftex.def)             Requested size: 364.19667pt x 190.067pt.

<figs/mvemesh.png, id=1022, 737.75626pt x 386.19281pt>
File: figs/mvemesh.png Graphic file (type png)
 <use figs/mvemesh.png>
Package pdftex.def Info: figs/mvemesh.png used on input line 194.
(pdftex.def)             Requested size: 364.19667pt x 190.6445pt.
Package babel Info: Redefining portuges shorthand "|
(babel)             in language  on input line 202.
Package babel Info: Redefining portuges shorthand "|
(babel)             in language  on input line 202.

[56 <./figs/umvetempo.png> <./figs/mvemesh.png>]
<figs/mvemeshtempo2.png, id=1030, 737.75626pt x 387.69844pt>
File: figs/mvemeshtempo2.png Graphic file (type png)

<use figs/mvemeshtempo2.png>
Package pdftex.def Info: figs/mvemeshtempo2.png used on input line 206.
(pdftex.def)             Requested size: 364.19667pt x 191.38776pt.

<figs/mvemeshout.png, id=1031, 1084.05pt x 647.41875pt>
File: figs/mvemeshout.png Graphic file (type png)

<use figs/mvemeshout.png>
Package pdftex.def Info: figs/mvemeshout.png used on input line 215.
(pdftex.def)             Requested size: 455.24411pt x 271.88438pt.

<figs/mvemeshclean.png, id=1033, 1084.05pt x 647.41875pt>
File: figs/mvemeshclean.png Graphic file (type png)

<use figs/mvemeshclean.png>
Package pdftex.def Info: figs/mvemeshclean.png used on input line 226.
(pdftex.def)             Requested size: 455.24411pt x 271.88438pt.


LaTeX Warning: `!h' float specifier changed to `!ht'.

<figs/galinhalongesfmreconmve.png, id=1034, 1084.05pt x 645.16031pt>
File: figs/galinhalongesfmreconmve.png Graphic file (type png)

<use figs/galinhalongesfmreconmve.png>
Package pdftex.def Info: figs/galinhalongesfmreconmve.png used on input line 23
7.
(pdftex.def)             Requested size: 227.62206pt x 135.45813pt.


LaTeX Warning: `!h' float specifier changed to `!ht'.

<figs/galinhadmreconmve.png, id=1035, 1084.05pt x 644.4075pt>
File: figs/galinhadmreconmve.png Graphic file (type png)

<use figs/galinhadmreconmve.png>
Package pdftex.def Info: figs/galinhadmreconmve.png used on input line 245.
(pdftex.def)             Requested size: 227.62206pt x 135.30006pt.


LaTeX Warning: `!h' float specifier changed to `!ht'.

<figs/mvefssrecongalinha.png, id=1036, 1084.05pt x 641.39626pt>
File: figs/mvefssrecongalinha.png Graphic file (type png)

<use figs/mvefssrecongalinha.png>
Package pdftex.def Info: figs/mvefssrecongalinha.png used on input line 254.
(pdftex.def)             Requested size: 227.62206pt x 134.66782pt.


LaTeX Warning: `!h' float specifier changed to `!ht'.

<figs/galinhadmr.png, id=1037, 440.39531pt x 470.50781pt>
File: figs/galinhadmr.png Graphic file (type png)

<use figs/galinhadmr.png>
Package pdftex.def Info: figs/galinhadmr.png used on input line 263.
(pdftex.def)             Requested size: 227.62206pt x 243.18651pt.


LaTeX Warning: `!h' float specifier changed to `!ht'.

<figs/galinhameshclean.png, id=1038, 440.39531pt x 470.50781pt>
File: figs/galinhameshclean.png Graphic file (type png)

<use figs/galinhameshclean.png>
Package pdftex.def Info: figs/galinhameshclean.png used on input line 272.
(pdftex.def)             Requested size: 227.62206pt x 243.18651pt.


LaTeX Warning: `!h' float specifier changed to `!ht'.

Package babel Info: Redefining portuges shorthand "|
(babel)             in language  on input line 280.
Package babel Info: Redefining portuges shorthand "|
(babel)             in language  on input line 280.
[57 <./figs/mvemeshtempo2.png> <./figs/mvemeshout.png>]
Package babel Info: Redefining portuges shorthand "|
(babel)             in language  on input line 280.
Package babel Info: Redefining portuges shorthand "|
(babel)             in language  on input line 280.
 [58 <./figs/mvemeshclean.png> <./figs/galinhalongesfmreconmve.png> <./figs/gal
inhadmreconmve.png>]
<figs/mvesfmrecongalinhapertolonge.png, id=1052, 1084.05pt x 643.6547pt>
File: figs/mvesfmrecongalinhapertolonge.png Graphic file (type png)

<use figs/mvesfmrecongalinhapertolonge.png>
Package pdftex.def Info: figs/mvesfmrecongalinhapertolonge.png used on input li
ne 285.
(pdftex.def)             Requested size: 227.62206pt x 135.142pt.


LaTeX Warning: `!h' float specifier changed to `!ht'.

<figs/mvedmrecongalinhapertolonge.png, id=1053, 1084.05pt x 627.09282pt>
File: figs/mvedmrecongalinhapertolonge.png Graphic file (type png)

<use figs/mvedmrecongalinhapertolonge.png>
Package pdftex.def Info: figs/mvedmrecongalinhapertolonge.png used on input lin
e 294.
(pdftex.def)             Requested size: 227.62206pt x 131.66467pt.


LaTeX Warning: `!h' float specifier changed to `!ht'.

) (./conclusion.tex
Package babel Info: Redefining portuges shorthand "|
(babel)             in language  on input line 1.
Package babel Info: Redefining portuges shorthand "|
(babel)             in language  on input line 1.
 [59 <./figs/mvefssrecongalinha.png> <./figs/galinhadmr.png (PNG copy)>]
Package babel Info: Redefining portuges shorthand "|
(babel)             in language  on input line 1.
Package babel Info: Redefining portuges shorthand "|
(babel)             in language  on input line 1.
 [60 <./figs/galinhameshclean.png (PNG copy)> <./figs/mvesfmrecongalinhapertolo
nge.png> <./figs/mvedmrecongalinhapertolonge.png>]
Package babel Info: Redefining portuges shorthand "|
(babel)             in language  on input line 1.


Package hyperref Warning: Token not allowed in a PDF string (PDFDocEncoding):
(hyperref)                removing `\uppercase' on input line 1.

) (./dissertacao.bbl
Package babel Info: Redefining portuges shorthand "|
(babel)             in language  on input line 3.
Package babel Info: Redefining portuges shorthand "|
(babel)             in language  on input line 3.
 [61

]
Package babel Info: Redefining portuges shorthand "|
(babel)             in language  on input line 3.


Package hyperref Warning: Token not allowed in a PDF string (PDFDocEncoding):
(hyperref)                removing `\uppercase' on input line 3.

Package babel Info: Redefining portuges shorthand "|
(babel)             in language  on input line 100.
Package babel Info: Redefining portuges shorthand "|
(babel)             in language  on input line 100.
[62

]
Package babel Info: Redefining portuges shorthand "|
(babel)             in language  on input line 193.
Package babel Info: Redefining portuges shorthand "|
(babel)             in language  on input line 193.
 [63]) (./dissertacao.ind) 
AED: lastpage setting LastPage
Package babel Info: Redefining portuges shorthand "|
(babel)             in language  on input line 422.
Package babel Info: Redefining portuges shorthand "|
(babel)             in language  on input line 422.
[64]
Package babel Info: Redefining portuges shorthand "|
(babel)             in language  on input line 422.
Package atveryend Info: Empty hook `BeforeClearDocument' on input line 422.
Package atveryend Info: Empty hook `AfterLastShipout' on input line 422.
 (./dissertacao.aux)
Package atveryend Info: Executing hook `AtVeryEndDocument' on input line 422.
Package atveryend Info: Executing hook `AtEndAfterFileList' on input line 422.
Package rerunfilecheck Info: File `dissertacao.out' has not changed.
(rerunfilecheck)             Checksum: 8C4E40FDA30804A802C7DFA75786F16F;1087.


LaTeX Warning: There were undefined references.


LaTeX Warning: There were multiply-defined labels.

Package atveryend Info: Empty hook `AtVeryVeryEnd' on input line 422.
 ) 
Here is how much of TeX's memory you used:
 19981 strings out of 493304
 341035 string characters out of 6139870
 452183 words of memory out of 5000000
 22683 multiletter control sequences out of 15000+600000
 11352 words of font info for 42 fonts, out of 8000000 for 9000
 957 hyphenation exceptions out of 8191
 56i,21n,55p,1503b,570s stack positions out of 5000i,500n,10000p,200000b,80000s
</usr/share/texlive/texmf-dist/fonts/type1/public/amsfonts/cm/cmbx12.pfb></us
r/share/texlive/texmf-dist/fonts/type1/public/amsfonts/cm/cmbxti10.pfb></usr/sh
are/texlive/texmf-dist/fonts/type1/public/amsfonts/cm/cmcsc10.pfb></usr/share/t
exlive/texmf-dist/fonts/type1/public/amsfonts/cm/cmex10.pfb></usr/share/texlive
/texmf-dist/fonts/type1/public/amsfonts/cm/cmmi12.pfb></usr/share/texlive/texmf
-dist/fonts/type1/public/amsfonts/cm/cmmi6.pfb></usr/share/texlive/texmf-dist/f
onts/type1/public/amsfonts/cm/cmmi8.pfb></usr/share/texlive/texmf-dist/fonts/ty
pe1/public/amsfonts/cm/cmr10.pfb></usr/share/texlive/texmf-dist/fonts/type1/pub
lic/amsfonts/cm/cmr12.pfb></usr/share/texlive/texmf-dist/fonts/type1/public/ams
fonts/cm/cmr6.pfb></usr/share/texlive/texmf-dist/fonts/type1/public/amsfonts/cm
/cmr8.pfb></usr/share/texlive/texmf-dist/fonts/type1/public/amsfonts/cm/cmsl12.
pfb></usr/share/texlive/texmf-dist/fonts/type1/public/amsfonts/cm/cmsy10.pfb></
usr/share/texlive/texmf-dist/fonts/type1/public/amsfonts/cm/cmsy8.pfb></usr/sha
re/texlive/texmf-dist/fonts/type1/public/amsfonts/cm/cmti12.pfb></usr/share/tex
live/texmf-dist/fonts/type1/public/amsfonts/symbols/msam10.pfb>
Output written on dissertacao.pdf (65 pages, 22655629 bytes).
PDF statistics:
 1204 PDF objects out of 1440 (max. 8388607)
 1013 compressed objects within 11 object streams
 253 named destinations out of 1000 (max. 500000)
 463 words of extra memory for PDF output out of 10000 (max. 10000000)

